2025-07-30 23:01:53,166 - INFO - Created 1,919 records
2025-07-30 23:01:53,239 - WARNING - ⚠️ Warning: Disconnected segment remains in span 'BAJRANGARH-GUNA OLT'.
2025-07-30 23:01:53,239 - WARNING - ⚠️ The Span BAJRANGARH-GUNA OLT is disconnected at this point (77.30226734996647, 24.614074505071873)
2025-07-30 23:01:53,244 - WARNING - ⚠️ Warning: Disconnected segment remains in span 'BARKHEDA GIRD-GENHUKHEDA GIRD'.
2025-07-30 23:01:53,244 - WARNING - ⚠️ The Span BARKHEDA GIRD-GENHUKHEDA GIRD is disconnected at this point (77.40419594445252, 24.562325450377173)
2025-07-30 23:01:53,255 - WARNING - ⚠️ Warning: Disconnected segment remains in span 'BEHANTAGHAT-MAHUR'.
2025-07-30 23:01:53,255 - WARNING - ⚠️ The Span BEHANTAGHAT-MAHUR is disconnected at this point (77.44310554444594, 24.648062353364566)
2025-07-30 23:01:53,260 - WARNING - ⚠️ Warning: Disconnected segment remains in span 'BHADORA-BILONIA'.
2025-07-30 23:01:53,260 - WARNING - ⚠️ The Span BHADORA-BILONIA is disconnected at this point (77.37085532795568, 24.74823497022701)
2025-07-30 23:01:53,264 - WARNING - ⚠️ Warning: Disconnected segment remains in span 'BHADORA-LEHARKOTA'.
2025-07-30 23:01:53,265 - WARNING - ⚠️ The Span BHADORA-LEHARKOTA is disconnected at this point (77.40186449576096, 24.787395771506063)
2025-07-30 23:01:53,268 - WARNING - ⚠️ Warning: Disconnected segment remains in span 'BILONIA-GUNA OLT'.
2025-07-30 23:01:53,268 - WARNING - ⚠️ The Span BILONIA-GUNA OLT is disconnected at this point (77.34414624267343, 24.697241498174716)
2025-07-30 23:01:53,273 - WARNING - ⚠️ Warning: Disconnected segment remains in span 'BILONIA-TARAWATA'.
2025-07-30 23:01:53,273 - WARNING - ⚠️ The Span BILONIA-TARAWATA is disconnected at this point (77.37087882141732, 24.748215112663516)
2025-07-30 23:01:53,620 - WARNING - ⚠️ Warning: Disconnected segment remains in span 'CHEKDEVPUR-REHPURA'.
2025-07-30 23:01:53,620 - WARNING - ⚠️ The Span CHEKDEVPUR-REHPURA is disconnected at this point (77.27049667573273, 24.793664231888446)
2025-07-30 23:01:53,650 - WARNING - ⚠️ Warning: Disconnected segment remains in span 'CHHIPON-BAJRANGARH'.
2025-07-30 23:01:53,650 - WARNING - ⚠️ The Span CHHIPON-BAJRANGARH is disconnected at this point (77.33621919969622, 24.50536169965623)
2025-07-30 23:01:53,667 - WARNING - ⚠️ Warning: Disconnected segment remains in span 'DUNGSARA-TINSAIYAI'.
2025-07-30 23:01:53,667 - WARNING - ⚠️ The Span DUNGSARA-TINSAIYAI is disconnected at this point (77.42329418570556, 24.833565989489728)
2025-07-30 23:01:53,670 - WARNING - ⚠️ Warning: Disconnected segment remains in span 'EMJHARA-PAGARA'.
2025-07-30 23:01:53,670 - WARNING - ⚠️ The Span EMJHARA-PAGARA is disconnected at this point (77.44059691993557, 24.655233229421285)
2025-07-30 23:01:53,678 - WARNING - ⚠️ Warning: Disconnected segment remains in span 'GADLA GIRD-BAJRANGGARH'.
2025-07-30 23:01:53,678 - WARNING - ⚠️ The Span GADLA GIRD-BAJRANGGARH is disconnected at this point (77.33121167328287, 24.579469679789366)
2025-07-30 23:01:53,710 - WARNING - ⚠️ Warning: Disconnected segment remains in span 'GAJIPUR-UKAWAD'.
2025-07-30 23:01:53,711 - WARNING - ⚠️ The Span GAJIPUR-UKAWAD is disconnected at this point (77.49616969599032, 24.790727520367618)
2025-07-30 23:01:53,719 - WARNING - ⚠️ Warning: Disconnected segment remains in span 'GENHUKHEDA GIRD-KHEJRABABA'.
2025-07-30 23:01:53,720 - WARNING - ⚠️ The Span GENHUKHEDA GIRD-KHEJRABABA is disconnected at this point (77.3735380298476, 24.6086224023075)
2025-07-30 23:01:53,723 - WARNING - ⚠️ Warning: Disconnected segment remains in span 'GOAPLPUR TALTAIYA-SATANPUR'.
2025-07-30 23:01:53,723 - WARNING - ⚠️ The Span GOAPLPUR TALTAIYA-SATANPUR is disconnected at this point (77.3615596395633, 24.56401416321627)
2025-07-30 23:01:53,727 - WARNING - ⚠️ Warning: Disconnected segment remains in span 'GOPALPUR-MAGRANA'.
2025-07-30 23:01:53,727 - WARNING - ⚠️ The Span GOPALPUR-MAGRANA is disconnected at this point (77.53830162550362, 24.735359663666596)
2025-07-30 23:01:53,737 - WARNING - ⚠️ Warning: Disconnected segment remains in span 'GUNA OLT-HILAGNA'.
2025-07-30 23:01:53,737 - WARNING - ⚠️ The Span GUNA OLT-HILAGNA is disconnected at this point (77.31268464917075, 24.646631253416814)
2025-07-30 23:01:53,741 - WARNING - ⚠️ Warning: Disconnected segment remains in span 'GUNA OLT-KHEJRABABA'.
2025-07-30 23:01:53,742 - WARNING - ⚠️ The Span GUNA OLT-KHEJRABABA is disconnected at this point (77.33330953454605, 24.647363276456257)
2025-07-30 23:01:53,746 - WARNING - ⚠️ Warning: Disconnected segment remains in span 'GUNA OLT-PIPARIYA'.
2025-07-30 23:01:53,746 - WARNING - ⚠️ The Span GUNA OLT-PIPARIYA is disconnected at this point (77.32092140000182, 24.654187199999885)
2025-07-30 23:01:53,756 - WARNING - ⚠️ Warning: Disconnected segment remains in span 'HARIPUR-PURAPOSAR'.
2025-07-30 23:01:53,756 - WARNING - ⚠️ The Span HARIPUR-PURAPOSAR is disconnected at this point (77.25615281376818, 24.664842040059117)
2025-07-30 23:01:53,773 - WARNING - ⚠️ Warning: Disconnected segment remains in span 'HINOTIYA-KUNDOL'.
2025-07-30 23:01:53,773 - WARNING - ⚠️ The Span HINOTIYA-KUNDOL is disconnected at this point (77.46478911066967, 24.737590817166595)
2025-07-30 23:01:53,777 - WARNING - ⚠️ Warning: Disconnected segment remains in span 'HINOTIYA-MAHUKHAN'.
2025-07-30 23:01:53,778 - WARNING - ⚠️ The Span HINOTIYA-MAHUKHAN is disconnected at this point (77.46478911066967, 24.737590817166595)
2025-07-30 23:01:53,794 - WARNING - ⚠️ Warning: Disconnected segment remains in span 'KALECHARI-SIRSI GP'.
2025-07-30 23:01:53,794 - WARNING - ⚠️ The Span KALECHARI-SIRSI GP is disconnected at this point (77.20749636736885, 25.03735547299736)
2025-07-30 23:01:53,800 - WARNING - ⚠️ Warning: Disconnected segment remains in span 'KARILI GP-MARKIMAHU GP'.
2025-07-30 23:01:53,800 - WARNING - ⚠️ The Span KARILI GP-MARKIMAHU GP is disconnected at this point (77.27712108141375, 25.01676548769994)
2025-07-30 23:01:53,808 - WARNING - ⚠️ Warning: Disconnected segment remains in span 'KARKEKIMAHU-KHERIKHATA'.
2025-07-30 23:01:53,808 - WARNING - ⚠️ The Span KARKEKIMAHU-KHERIKHATA is disconnected at this point (77.28707424896828, 24.913115579861973)
2025-07-30 23:01:53,812 - WARNING - ⚠️ Warning: Disconnected segment remains in span 'KAROD-PARSODA'.
2025-07-30 23:01:53,813 - WARNING - ⚠️ The Span KAROD-PARSODA is disconnected at this point (77.43420710866941, 24.5785716891666)
2025-07-30 23:01:53,906 - WARNING - ⚠️ Warning: Disconnected segment remains in span 'KHAJURI-LEHARGHAT'.
2025-07-30 23:01:53,906 - WARNING - ⚠️ The Span KHAJURI-LEHARGHAT is disconnected at this point (77.54346926538408, 24.861311002066728)
2025-07-30 23:01:53,921 - WARNING - ⚠️ Warning: Disconnected segment remains in span 'KHEJRABABA-GUNA OLT'.
2025-07-30 23:01:53,921 - WARNING - ⚠️ The Span KHEJRABABA-GUNA OLT is disconnected at this point (77.37132437023082, 24.615902829720202)
2025-07-30 23:01:53,937 - WARNING - ⚠️ Warning: Disconnected segment remains in span 'KHERIKHATA-MAHODRA GP'.
2025-07-30 23:01:53,937 - WARNING - ⚠️ The Span KHERIKHATA-MAHODRA GP is disconnected at this point (77.27882157534037, 24.873892754391196)
2025-07-30 23:01:53,947 - WARNING - ⚠️ Warning: Disconnected segment remains in span 'KUNDOL-GAJNAI'.
2025-07-30 23:01:53,947 - WARNING - ⚠️ The Span KUNDOL-GAJNAI is disconnected at this point (77.50451668760505, 24.737446572292477)
2025-07-30 23:01:53,961 - WARNING - ⚠️ Warning: Disconnected segment remains in span 'LEHARKOTA-DUNGSARA'.
2025-07-30 23:01:53,962 - WARNING - ⚠️ The Span LEHARKOTA-DUNGSARA is disconnected at this point (77.42159840247487, 24.807022026247015)
2025-07-30 23:01:53,965 - WARNING - ⚠️ Warning: Disconnected segment remains in span 'MAGRANA-EMJHARA'.
2025-07-30 23:01:53,965 - WARNING - ⚠️ The Span MAGRANA-EMJHARA is disconnected at this point (77.50353613833671, 24.702382411833312)
2025-07-30 23:01:53,971 - WARNING - ⚠️ Warning: Disconnected segment remains in span 'MAHODRA GP-AGARA GP'.
2025-07-30 23:01:53,971 - WARNING - ⚠️ The Span MAHODRA GP-AGARA GP is disconnected at this point (77.29779632743761, 24.862927615487045)
2025-07-30 23:01:53,979 - WARNING - ⚠️ Warning: Disconnected segment remains in span 'MAHUKHAN-RICHHERA'.
2025-07-30 23:01:53,979 - WARNING - ⚠️ The Span MAHUKHAN-RICHHERA is disconnected at this point (77.45026080012309, 24.71024030032886)
2025-07-30 23:01:53,984 - WARNING - ⚠️ Warning: Disconnected segment remains in span 'MAHUR-KAROD'.
2025-07-30 23:01:53,984 - WARNING - ⚠️ The Span MAHUR-KAROD is disconnected at this point (77.4546588966053, 24.595231924345608)
2025-07-30 23:01:53,988 - WARNING - ⚠️ Warning: Disconnected segment remains in span 'MAKRAWADA GP-UMARI'.
2025-07-30 23:01:53,988 - WARNING - ⚠️ The Span MAKRAWADA GP-UMARI is disconnected at this point (77.27550753370423, 24.748358623715415)
2025-07-30 23:01:54,005 - WARNING - ⚠️ Warning: Disconnected segment remains in span 'MARKIMAHU GP-UDAYPURI GP'.
2025-07-30 23:01:54,005 - WARNING - ⚠️ The Span MARKIMAHU GP-UDAYPURI GP is disconnected at this point (77.31372641003685, 25.00502038378)
2025-07-30 23:01:54,009 - WARNING - ⚠️ Warning: Disconnected segment remains in span 'MAVAN-KHEJRABABA'.
2025-07-30 23:01:54,009 - WARNING - ⚠️ The Span MAVAN-KHEJRABABA is disconnected at this point (77.38172196629579, 24.647708398009545)
2025-07-30 23:01:54,019 - WARNING - ⚠️ Warning: Disconnected segment remains in span 'MAYANA-PADMANKHEDI'.
2025-07-30 23:01:54,019 - WARNING - ⚠️ The Span MAYANA-PADMANKHEDI is disconnected at this point (77.47009910041614, 24.84971030037927)
2025-07-30 23:01:54,032 - WARNING - ⚠️ Warning: Disconnected segment remains in span 'NEGMA GP-MAKRAWADA GP'.
2025-07-30 23:01:54,032 - WARNING - ⚠️ The Span NEGMA GP-MAKRAWADA GP is disconnected at this point (77.30383615842516, 24.723315275070956)
2025-07-30 23:01:54,036 - WARNING - ⚠️ Warning: Disconnected segment remains in span 'PADMANKHEDI-KHAJURI'.
2025-07-30 23:01:54,036 - WARNING - ⚠️ The Span PADMANKHEDI-KHAJURI is disconnected at this point (77.50003039033584, 24.844814922826888)
2025-07-30 23:01:54,043 - WARNING - ⚠️ Warning: Disconnected segment remains in span 'PAGARA-TORIYA'.
2025-07-30 23:01:54,043 - WARNING - ⚠️ The Span PAGARA-TORIYA is disconnected at this point (77.40847709566994, 24.64882733346951)
2025-07-30 23:01:54,061 - WARNING - ⚠️ Warning: Disconnected segment remains in span 'PIPRODA KHURDA-GUNA OLT'.
2025-07-30 23:01:54,061 - WARNING - ⚠️ The Span PIPRODA KHURDA-GUNA OLT is disconnected at this point (77.31680922317754, 24.65670598992355)
2025-07-30 23:01:54,072 - WARNING - ⚠️ Warning: Disconnected segment remains in span 'PIPRODA KHURDA-NEGMA GP'.
2025-07-30 23:01:54,072 - WARNING - ⚠️ The Span PIPRODA KHURDA-NEGMA GP is disconnected at this point (77.31327836652149, 24.66225031190668)
2025-07-30 23:01:54,081 - WARNING - ⚠️ Warning: Disconnected segment remains in span 'PURAPOSAR-SAKHATPURA'.
2025-07-30 23:01:54,081 - WARNING - ⚠️ The Span PURAPOSAR-SAKHATPURA is disconnected at this point (77.2579572708447, 24.691876030236195)
2025-07-30 23:01:54,096 - WARNING - ⚠️ Warning: Disconnected segment remains in span 'REHPURA-KALECHARI'.
2025-07-30 23:01:54,096 - WARNING - ⚠️ The Span REHPURA-KALECHARI is disconnected at this point (77.1610083457265, 25.028619222153893)
2025-07-30 23:01:54,108 - WARNING - ⚠️ Warning: Disconnected segment remains in span 'RENJHAI-HINOTIYA'.
2025-07-30 23:01:54,108 - WARNING - ⚠️ The Span RENJHAI-HINOTIYA is disconnected at this point (77.43640343805374, 24.752213122601912)
2025-07-30 23:01:54,117 - WARNING - ⚠️ Warning: Disconnected segment remains in span 'RICHHERA-GUNA OLT'.
2025-07-30 23:01:54,117 - WARNING - ⚠️ The Span RICHHERA-GUNA OLT is disconnected at this point (77.35647285580191, 24.650102386845933)
2025-07-30 23:01:54,121 - WARNING - ⚠️ Warning: Disconnected segment remains in span 'SAKHATPURA-PIPRODA KHURDA'.
2025-07-30 23:01:54,121 - WARNING - ⚠️ The Span SAKHATPURA-PIPRODA KHURDA is disconnected at this point (77.31327836652154, 24.66225031190678)
2025-07-30 23:01:54,130 - WARNING - ⚠️ Warning: Disconnected segment remains in span 'SANWADA GP-SIRSI GP'.
2025-07-30 23:01:54,131 - WARNING - ⚠️ The Span SANWADA GP-SIRSI GP is disconnected at this point (77.31918799700195, 25.03895955150003)
2025-07-30 23:01:54,146 - WARNING - ⚠️ Warning: Disconnected segment remains in span 'SILAWATI-PURENI'.
2025-07-30 23:01:54,146 - WARNING - ⚠️ The Span SILAWATI-PURENI is disconnected at this point (77.38697539353069, 24.716450083883732)
2025-07-30 23:01:54,152 - WARNING - ⚠️ Warning: Disconnected segment remains in span 'SINGADHI-HARIPUR'.
2025-07-30 23:01:54,152 - WARNING - ⚠️ The Span SINGADHI-HARIPUR is disconnected at this point (77.25800467256259, 24.64697262767211)
2025-07-30 23:01:54,164 - WARNING - ⚠️ Warning: Disconnected segment remains in span 'SINGPUR-TINSAIYAI'.
2025-07-30 23:01:54,164 - WARNING - ⚠️ The Span SINGPUR-TINSAIYAI is disconnected at this point (77.42389119987286, 24.900671100330964)
2025-07-30 23:01:54,169 - WARNING - ⚠️ Warning: Disconnected segment remains in span 'SIRSI GP-KARILI GP'.
2025-07-30 23:01:54,169 - WARNING - ⚠️ The Span SIRSI GP-KARILI GP is disconnected at this point (77.26797316561063, 25.02490693971539)
2025-07-30 23:01:54,173 - WARNING - ⚠️ Warning: Disconnected segment remains in span 'SIRSI GP-NAYAGAON GP'.
2025-07-30 23:01:54,173 - WARNING - ⚠️ The Span SIRSI GP-NAYAGAON GP is disconnected at this point (77.26654248597768, 25.030023038663998)
2025-07-30 23:01:54,180 - WARNING - ⚠️ Warning: Disconnected segment remains in span 'SIRSIKALAN-BARKHEDA GIRD'.
2025-07-30 23:01:54,180 - WARNING - ⚠️ The Span SIRSIKALAN-BARKHEDA GIRD is disconnected at this point (77.42710935265869, 24.535006533692187)
2025-07-30 23:01:54,186 - WARNING - ⚠️ Warning: Disconnected segment remains in span 'TAKNERA-MAYANA'.
2025-07-30 23:01:54,187 - WARNING - ⚠️ The Span TAKNERA-MAYANA is disconnected at this point (77.45434469962728, 24.884128199650952)
2025-07-30 23:01:54,191 - WARNING - ⚠️ Warning: Disconnected segment remains in span 'TAPPING CHHIPON-DHURDHURU'.
2025-07-30 23:01:54,192 - WARNING - ⚠️ The Span TAPPING CHHIPON-DHURDHURU is disconnected at this point (77.34016782963333, 24.49863873093572)
2025-07-30 23:01:54,208 - WARNING - ⚠️ Warning: Disconnected segment remains in span 'TAPPING KARKEKIMAHU-DHANWADI'.
2025-07-30 23:01:54,208 - WARNING - ⚠️ The Span TAPPING KARKEKIMAHU-DHANWADI is disconnected at this point (77.32608574309253, 24.927099879708003)
2025-07-30 23:01:54,213 - WARNING - ⚠️ Warning: Disconnected segment remains in span 'TAPPING KAROD-MANGWAR'.
2025-07-30 23:01:54,213 - WARNING - ⚠️ The Span TAPPING KAROD-MANGWAR is disconnected at this point (77.43559409511145, 24.57681708963657)
2025-07-30 23:01:54,225 - WARNING - ⚠️ Warning: Disconnected segment remains in span 'TAPPING MAHODRA GP-RAI GP'.
2025-07-30 23:01:54,225 - WARNING - ⚠️ The Span TAPPING MAHODRA GP-RAI GP is disconnected at this point (77.30975136080374, 24.859753969218833)
2025-07-30 23:01:54,238 - WARNING - ⚠️ Warning: Disconnected segment remains in span 'TAPPING SANDKHEDA-MAJHOLA GP'.
2025-07-30 23:01:54,238 - WARNING - ⚠️ The Span TAPPING SANDKHEDA-MAJHOLA GP is disconnected at this point (77.28892571638819, 25.094977840950413)
2025-07-30 23:01:54,249 - WARNING - ⚠️ Warning: Disconnected segment remains in span 'TILLI KHEDA-CHHIPON'.
2025-07-30 23:01:54,249 - WARNING - ⚠️ The Span TILLI KHEDA-CHHIPON is disconnected at this point (77.34016782963333, 24.49863873093572)
2025-07-30 23:01:54,265 - WARNING - ⚠️ Warning: Disconnected segment remains in span 'TINSAIYAI-SINGPUR'.
2025-07-30 23:01:54,265 - WARNING - ⚠️ The Span TINSAIYAI-SINGPUR is disconnected at this point (77.4247720667293, 24.861946491609267)
2025-07-30 23:01:54,274 - WARNING - ⚠️ Warning: Disconnected segment remains in span 'TORIYA-MAVAN'.
2025-07-30 23:01:54,274 - WARNING - ⚠️ The Span TORIYA-MAVAN is disconnected at this point (77.41201075366423, 24.64515371541092)
2025-07-30 23:01:54,286 - WARNING - ⚠️ Warning: Disconnected segment remains in span 'UKAWAD-MANPUR'.
2025-07-30 23:01:54,286 - WARNING - ⚠️ The Span UKAWAD-MANPUR is disconnected at this point (77.481762931649, 24.758147478974024)
2025-07-30 23:01:54,294 - WARNING - ⚠️ Warning: Disconnected segment remains in span 'VINAYAK KHEDI-GADLA GIRD'.
2025-07-30 23:01:54,294 - WARNING - ⚠️ The Span VINAYAK KHEDI-GADLA GIRD is disconnected at this point (77.31400817000186, 24.62262425516659)
2025-07-30 23:01:54,381 - INFO - Created 1,919 records
2025-07-30 23:01:54,389 - INFO - Created 96 records
2025-07-30 23:01:54,389 - INFO - ✅ Sequence assigned and saved with original index preserved.
2025-07-30 23:01:54,446 - INFO - 🔄 Found 8 rings: ['R1', 'R2', 'R2-C1', 'R3', 'R3-C1', 'R4', 'R5', 'R5-C1']
2025-07-30 23:01:54,446 - INFO - 
🔁 Processing ring: R1
2025-07-30 23:01:54,448 - INFO - ✅ Completed ring R1 with 0 spans.
2025-07-30 23:01:54,449 - INFO - 
🔁 Processing ring: R2
2025-07-30 23:01:54,450 - INFO - ✅ Completed ring R2 with 0 spans.
2025-07-30 23:01:54,450 - INFO - 
🔁 Processing ring: R2-C1
2025-07-30 23:01:54,452 - INFO - ✅ Completed ring R2-C1 with 1 spans.
2025-07-30 23:01:54,452 - INFO - 
🔁 Processing ring: R3
2025-07-30 23:01:54,453 - WARNING - ⚠️  Warning: Closest node (77.33330953454605, 24.647363276456257) is far from given start (77.3209214, 24.6541872)
2025-07-30 23:01:54,453 - INFO - 
🔁 Processing ring: R3-C1
2025-07-30 23:01:54,453 - ERROR - ❌ Invalid start point input: could not convert string to float: '24.62493000000,'
2025-07-30 23:01:54,453 - INFO - 
🔁 Processing ring: R4
2025-07-30 23:01:54,454 - WARNING - ⚠️  Warning: Closest node (77.31680922317754, 24.65670598992355) is far from given start (77.3209214, 24.6541872)
2025-07-30 23:01:54,454 - INFO - 
🔁 Processing ring: R5
2025-07-30 23:01:54,456 - INFO - ✅ Completed ring R5 with 0 spans.
2025-07-30 23:01:54,456 - INFO - 
🔁 Processing ring: R5-C1
2025-07-30 23:01:54,457 - WARNING - ⚠️  Warning: Closest node (77.26654248597768, 25.030023038663998) is far from given start (77.2675595308, 25.0291317768)
2025-07-30 23:01:54,540 - INFO - Created 1,919 records
2025-07-30 23:01:54,547 - INFO - Created 96 records
2025-07-30 23:01:54,547 - INFO - ✅ All rings processed. Span sequence updated and saved.
