2025-07-30 11:27:43,624 - WARNING -  \u26a0\ufe0f The Geometry is multiline string starting at (78.03953335300008, 25.160133736000034) & ending at (78.04084570900005, 25.157648676000065)
2025-07-30 11:27:43,625 - WARNING -  \u26a0\ufe0f The Geometry is multiline string starting at (78.03953335300008, 25.160133736000034) & ending at (78.04084570900005, 25.157648676000065)
2025-07-30 11:27:43,637 - WARNING - \u26a0\ufe0f Warning: Disconnected segment remains in span 'PIPALKHEDA TO AMARPURA DEVARA'.
2025-07-30 11:27:43,637 - WARNING - \u26a0\ufe0f The Span PIPALKHEDA TO AMARPURA DEVARA is disconnected at this point (78.04229461900007, 25.155248844000027)
2025-07-30 11:27:43,751 - WARNING -  \u26a0\ufe0f The Geometry is multiline string starting at (78.10327022200005, 25.120499505000055) & ending at (78.10327394500007, 25.121730847000038)
2025-07-30 11:27:43,753 - WARNING -  \u26a0\ufe0f The Geometry is multiline string starting at (78.10327022200005, 25.120499505000055) & ending at (78.10327394500007, 25.121730847000038)
2025-07-30 11:27:43,764 - WARNING - \u26a0\ufe0f Warning: Disconnected segment remains in span 'RAHI TO SINAWALKALA'.
2025-07-30 11:27:43,764 - WARNING - \u26a0\ufe0f The Span RAHI TO SINAWALKALA is disconnected at this point (78.10290785200004, 25.122950681000077)
2025-07-30 11:27:44,419 - INFO - Created 3,625 records
2025-07-30 11:27:44,430 - INFO - Created 106 records
2025-07-30 11:27:44,430 - INFO - \u2705 Sequence assigned and saved with original index preserved.
2025-07-30 11:27:44,619 - INFO - \U0001f504 Found 8 rings: ['R1', 'R1-C1', 'R2', 'R3', 'R4', 'R4-C1', 'R5', 'R5-C1']
2025-07-30 11:27:44,619 - INFO - 
\U0001f501 Processing ring: R1
2025-07-30 11:27:44,637 - INFO - \u2705 Completed ring R1 with 18 spans.
2025-07-30 11:27:44,637 - INFO - 
\U0001f501 Processing ring: R1-C1
2025-07-30 11:27:44,641 - INFO - \u2705 Completed ring R1-C1 with 0 spans.
2025-07-30 11:27:44,641 - INFO - 
\U0001f501 Processing ring: R2
2025-07-30 11:27:44,656 - INFO - \u2705 Completed ring R2 with 11 spans.
2025-07-30 11:27:44,657 - INFO - 
\U0001f501 Processing ring: R3
2025-07-30 11:27:44,678 - INFO - \u2705 Completed ring R3 with 16 spans.
2025-07-30 11:27:44,679 - INFO - 
\U0001f501 Processing ring: R4
2025-07-30 11:27:44,692 - INFO - \u2705 Completed ring R4 with 10 spans.
2025-07-30 11:27:44,692 - INFO - 
\U0001f501 Processing ring: R4-C1
2025-07-30 11:27:44,697 - INFO - \u2705 Completed ring R4-C1 with 4 spans.
2025-07-30 11:27:44,697 - INFO - 
\U0001f501 Processing ring: R5
2025-07-30 11:27:44,708 - INFO - \u2705 Completed ring R5 with 10 spans.
2025-07-30 11:27:44,708 - INFO - 
\U0001f501 Processing ring: R5-C1
2025-07-30 11:27:44,714 - INFO - \u2705 Completed ring R5-C1 with 6 spans.
2025-07-30 11:27:44,933 - INFO - Created 3,625 records
2025-07-30 11:27:44,949 - INFO - Created 106 records
2025-07-30 11:27:44,950 - INFO - \u2705 All rings processed. Span sequence updated and saved.
