2025-07-27 23:23:00,028 - WARNING -  ⚠️ The Geometry is multiline string starting at (77.83616181000008, 26.49827361800004) & ending at (77.83616181000008, 26.49827361800004)
2025-07-27 23:23:00,028 - WARNING -  ⚠️ The Geometry is multiline string starting at (77.83616181000008, 26.49827361800004) & ending at (77.83616181000008, 26.49827361800004)
2025-07-27 23:23:00,035 - WARNING - ⚠️ Warning: Disconnected segment remains in span 'BAGCHINI - BHAINSROULI'.
2025-07-27 23:23:00,035 - WARNING - ⚠️ The Span BAGCHINI - BHAINSROULI is disconnected at this point (77.83589434400005, 26.497482938000076)
2025-07-27 23:23:00,041 - WARNING - ⚠️ Warning: Disconnected segment remains in span 'BAGCHINI - NAND GANGOULI'.
2025-07-27 23:23:00,041 - WARNING - ⚠️ The Span BAGCHINI - NAND GANGOULI is disconnected at this point (77.81938910000008, 26.479460000000074)
2025-07-27 23:23:00,048 - WARNING -  ⚠️ The Geometry is multiline string starting at (77.85077329400008, 26.45725291100007) & ending at (77.85077329400008, 26.45725291100007)
2025-07-27 23:23:00,048 - WARNING -  ⚠️ The Geometry is multiline string starting at (77.85077329400008, 26.45725291100007) & ending at (77.85077329400008, 26.45725291100007)
2025-07-27 23:23:00,050 - WARNING - ⚠️ Warning: Disconnected segment remains in span 'BAROULI - KUMHERI'.
2025-07-27 23:23:00,050 - WARNING - ⚠️ The Span BAROULI - KUMHERI is disconnected at this point (77.85437492200003, 26.45888001000003)
2025-07-27 23:23:00,058 - WARNING - ⚠️ Warning: Disconnected segment remains in span 'BHAINSROULI - BARHANA'.
2025-07-27 23:23:00,058 - WARNING - ⚠️ The Span BHAINSROULI - BARHANA is disconnected at this point (77.83610622200007, 26.508615517000067)
2025-07-27 23:23:00,064 - WARNING - ⚠️ Warning: Disconnected segment remains in span 'BHAINSROULI - GALETHA'.
2025-07-27 23:23:00,064 - WARNING - ⚠️ The Span BHAINSROULI - GALETHA is disconnected at this point (77.83610622200007, 26.508615517000067)
2025-07-27 23:23:00,084 - ERROR - ❌ Error in get_start_end_coords: Unsupported geometry type: <class 'NoneType'>
2025-07-27 23:23:00,084 - ERROR - ❌ Error in get_start_end_coords: Unsupported geometry type: <class 'NoneType'>
2025-07-27 23:23:00,084 - ERROR - ❌ Error in get_start_end_coords: Unsupported geometry type: <class 'NoneType'>
2025-07-27 23:23:00,084 - ERROR - ❌ Error in get_start_end_coords: Unsupported geometry type: <class 'NoneType'>
2025-07-27 23:23:00,086 - WARNING - ⚠️ Warning: Disconnected segment remains in span 'GHURRAH - BAROULI'.
2025-07-27 23:23:00,086 - WARNING - ⚠️ The Span GHURRAH - BAROULI is disconnected at this point None
2025-07-27 23:23:00,088 - ERROR - ❌ Error in get_start_end_coords: list index out of range
2025-07-27 23:23:00,088 - ERROR - ❌ Error in get_start_end_coords: list index out of range
2025-07-27 23:23:00,099 - WARNING - ⚠️ Warning: Disconnected segment remains in span 'JOURA BLOCK - CHINNONI KARERA'.
2025-07-27 23:23:00,099 - WARNING - ⚠️ The Span JOURA BLOCK - CHINNONI KARERA is disconnected at this point (77.79526400000003, 26.342822900000044)
2025-07-27 23:23:00,115 - WARNING - ⚠️ Warning: Disconnected segment remains in span 'NAHARDOUKI - SIHOURI'.
2025-07-27 23:23:00,115 - WARNING - ⚠️ The Span NAHARDOUKI - SIHOURI is disconnected at this point (77.87897440000006, 26.534712100000036)
2025-07-27 23:23:00,127 - WARNING - ⚠️ Warning: Disconnected segment remains in span 'NAND GANGOULI - MODHANA JWAHAR'.
2025-07-27 23:23:00,127 - WARNING - ⚠️ The Span NAND GANGOULI - MODHANA JWAHAR is disconnected at this point (77.81245619800006, 26.453925210000023)
2025-07-27 23:23:00,172 - WARNING - ⚠️ Warning: Disconnected segment remains in span 'SIHOURI - KHANDOULI'.
2025-07-27 23:23:00,172 - WARNING - ⚠️ The Span SIHOURI - KHANDOULI is disconnected at this point (77.86690887300006, 26.56404473300006)
2025-07-27 23:23:00,207 - INFO - Created 463 records
2025-07-27 23:23:00,210 - INFO - Created 23 records
2025-07-27 23:23:00,210 - INFO - ✅ Sequence assigned and saved with original index preserved.
2025-07-27 23:23:00,226 - INFO - 🔄 Found 2 rings: ['R4', 'R4-C1']
2025-07-27 23:23:00,226 - INFO - 
🔁 Processing ring: R4
2025-07-27 23:23:00,228 - INFO - ✅ Completed ring R4 with 0 spans.
2025-07-27 23:23:00,228 - INFO - 
🔁 Processing ring: R4-C1
2025-07-27 23:23:00,229 - WARNING - ⚠️  Warning: Closest node (77.79098742500008, 26.454108129000076) is far from given start (77.7819632, 26.4500082)
2025-07-27 23:23:00,249 - INFO - Created 463 records
2025-07-27 23:23:00,253 - INFO - Created 23 records
2025-07-27 23:23:00,253 - INFO - ✅ All rings processed. Span sequence updated and saved.
