2025-07-31 00:03:33,456 - INFO - Created 1,919 records
2025-07-31 00:03:33,531 - WARNING - ⚠️ Warning: Disconnected segment remains in span 'BAJRANGARH-GUNA OLT'.
2025-07-31 00:03:33,531 - WARNING - ⚠️ The Span BAJRANGARH-GUNA OLT is disconnected at this point (77.28630149133505, 24.58149182066664)
2025-07-31 00:03:33,538 - WARNING - ⚠️ Warning: Disconnected segment remains in span 'BARKHEDA GIRD-GENHUKHEDA GIRD'.
2025-07-31 00:03:33,538 - WARNING - ⚠️ The Span BARKHEDA GIRD-GENHUKHEDA GIRD is disconnected at this point (77.39416310506601, 24.574227588187462)
2025-07-31 00:03:33,565 - WARNING - ⚠️ Warning: Disconnected segment remains in span 'BEHANTAGHAT-MAHUR'.
2025-07-31 00:03:33,565 - WARNING - ⚠️ The Span BEHANTAGHAT-MAHUR is disconnected at this point (77.4769054441616, 24.660950543681537)
2025-07-31 00:03:33,579 - WARNING - ⚠️ Warning: Disconnected segment remains in span 'BHADORA-LEHARKOTA'.
2025-07-31 00:03:33,579 - WARNING - ⚠️ The Span BHADORA-LEHARKOTA is disconnected at this point (77.40186449576096, 24.787395771506063)
2025-07-31 00:03:33,582 - WARNING - ⚠️ Warning: Disconnected segment remains in span 'BILONIA-GUNA OLT'.
2025-07-31 00:03:33,583 - WARNING - ⚠️ The Span BILONIA-GUNA OLT is disconnected at this point (77.34414624267343, 24.697241498174716)
2025-07-31 00:03:33,588 - WARNING - ⚠️ Warning: Disconnected segment remains in span 'BILONIA-TARAWATA'.
2025-07-31 00:03:33,588 - WARNING - ⚠️ The Span BILONIA-TARAWATA is disconnected at this point (77.38220293365428, 24.739364066921105)
2025-07-31 00:03:33,981 - WARNING - ⚠️ Warning: Disconnected segment remains in span 'CHEKDEVPUR-REHPURA'.
2025-07-31 00:03:33,981 - WARNING - ⚠️ The Span CHEKDEVPUR-REHPURA is disconnected at this point (77.21232769446215, 24.992097157543903)
2025-07-31 00:03:34,028 - WARNING - ⚠️ Warning: Disconnected segment remains in span 'CHHIPON-BAJRANGARH'.
2025-07-31 00:03:34,029 - WARNING - ⚠️ The Span CHHIPON-BAJRANGARH is disconnected at this point (77.33621919969622, 24.50536169965623)
2025-07-31 00:03:34,036 - WARNING - ⚠️ Warning: Disconnected segment remains in span 'CHURAI-TILLI KHEDA'.
2025-07-31 00:03:34,036 - WARNING - ⚠️ The Span CHURAI-TILLI KHEDA is disconnected at this point (77.3640745512109, 24.484065591987317)
2025-07-31 00:03:34,049 - WARNING - ⚠️ Warning: Disconnected segment remains in span 'DUNGSARA-TINSAIYAI'.
2025-07-31 00:03:34,049 - WARNING - ⚠️ The Span DUNGSARA-TINSAIYAI is disconnected at this point (77.4247720667293, 24.861946491609267)
2025-07-31 00:03:34,058 - WARNING - ⚠️ Warning: Disconnected segment remains in span 'GADLA GIRD-BAJRANGGARH'.
2025-07-31 00:03:34,058 - WARNING - ⚠️ The Span GADLA GIRD-BAJRANGGARH is disconnected at this point (77.29524955698018, 24.57097260653578)
2025-07-31 00:03:34,070 - WARNING - ⚠️ Warning: Disconnected segment remains in span 'GAJIPUR-UKAWAD'.
2025-07-31 00:03:34,070 - WARNING - ⚠️ The Span GAJIPUR-UKAWAD is disconnected at this point (77.52433160189467, 24.759825582526204)
2025-07-31 00:03:34,080 - WARNING - ⚠️ Warning: Disconnected segment remains in span 'GENHUKHEDA GIRD-KHEJRABABA'.
2025-07-31 00:03:34,080 - WARNING - ⚠️ The Span GENHUKHEDA GIRD-KHEJRABABA is disconnected at this point (77.37353862458335, 24.608546854917023)
2025-07-31 00:03:34,087 - WARNING - ⚠️ Warning: Disconnected segment remains in span 'GOAPLPUR TALTAIYA-SATANPUR'.
2025-07-31 00:03:34,087 - WARNING - ⚠️ The Span GOAPLPUR TALTAIYA-SATANPUR is disconnected at this point (77.37696448066889, 24.5374287514999)
2025-07-31 00:03:34,093 - WARNING - ⚠️ Warning: Disconnected segment remains in span 'GOPALPUR-MAGRANA'.
2025-07-31 00:03:34,093 - WARNING - ⚠️ The Span GOPALPUR-MAGRANA is disconnected at this point (77.50353613833671, 24.702382411833312)
2025-07-31 00:03:34,114 - WARNING - ⚠️ Warning: Disconnected segment remains in span 'GUNA OLT-HILAGNA'.
2025-07-31 00:03:34,114 - WARNING - ⚠️ The Span GUNA OLT-HILAGNA is disconnected at this point (77.29375210603494, 24.634945476984193)
2025-07-31 00:03:34,122 - WARNING - ⚠️ Warning: Disconnected segment remains in span 'GUNA OLT-KHEJRABABA'.
2025-07-31 00:03:34,122 - WARNING - ⚠️ The Span GUNA OLT-KHEJRABABA is disconnected at this point (77.32092140000182, 24.654187199999885)
2025-07-31 00:03:34,127 - WARNING - ⚠️ Warning: Disconnected segment remains in span 'GUNA OLT-PIPARIYA'.
2025-07-31 00:03:34,127 - WARNING - ⚠️ The Span GUNA OLT-PIPARIYA is disconnected at this point (77.32092140000182, 24.654187199999885)
2025-07-31 00:03:34,141 - WARNING - ⚠️ Warning: Disconnected segment remains in span 'HARIPUR-PURAPOSAR'.
2025-07-31 00:03:34,141 - WARNING - ⚠️ The Span HARIPUR-PURAPOSAR is disconnected at this point (77.25615281376818, 24.664842040059117)
2025-07-31 00:03:34,157 - WARNING - ⚠️ Warning: Disconnected segment remains in span 'HILAGNA-SINGADHI'.
2025-07-31 00:03:34,157 - WARNING - ⚠️ The Span HILAGNA-SINGADHI is disconnected at this point (77.2586541399574, 24.61563874161537)
2025-07-31 00:03:34,163 - WARNING - ⚠️ Warning: Disconnected segment remains in span 'HINOTIYA-KUNDOL'.
2025-07-31 00:03:34,163 - WARNING - ⚠️ The Span HINOTIYA-KUNDOL is disconnected at this point (77.47650694096062, 24.73392487576818)
2025-07-31 00:03:34,169 - WARNING - ⚠️ Warning: Disconnected segment remains in span 'HINOTIYA-MAHUKHAN'.
2025-07-31 00:03:34,169 - WARNING - ⚠️ The Span HINOTIYA-MAHUKHAN is disconnected at this point (77.45527704989058, 24.71447489153556)
2025-07-31 00:03:34,204 - WARNING - ⚠️ Warning: Disconnected segment remains in span 'KALECHARI-SIRSI GP'.
2025-07-31 00:03:34,204 - WARNING - ⚠️ The Span KALECHARI-SIRSI GP is disconnected at this point (77.23302036210244, 25.02205100077887)
2025-07-31 00:03:34,213 - WARNING - ⚠️ Warning: Disconnected segment remains in span 'KARILI GP-MARKIMAHU GP'.
2025-07-31 00:03:34,213 - WARNING - ⚠️ The Span KARILI GP-MARKIMAHU GP is disconnected at this point (77.27535895601793, 25.01657114816237)
2025-07-31 00:03:34,337 - WARNING - ⚠️ Warning: Disconnected segment remains in span 'KARKEKIMAHU-KHERIKHATA'.
2025-07-31 00:03:34,337 - WARNING - ⚠️ The Span KARKEKIMAHU-KHERIKHATA is disconnected at this point (77.29259645124088, 24.992680565283887)
2025-07-31 00:03:34,343 - WARNING - ⚠️ Warning: Disconnected segment remains in span 'KAROD-PARSODA'.
2025-07-31 00:03:34,343 - WARNING - ⚠️ The Span KAROD-PARSODA is disconnected at this point (77.43420710866941, 24.5785716891666)
2025-07-31 00:03:34,393 - WARNING - ⚠️ Warning: Disconnected segment remains in span 'KHAJURI-LEHARGHAT'.
2025-07-31 00:03:34,393 - WARNING - ⚠️ The Span KHAJURI-LEHARGHAT is disconnected at this point (77.51890179981118, 24.821956400246563)
2025-07-31 00:03:34,425 - WARNING - ⚠️ Warning: Disconnected segment remains in span 'KHEJRABABA-GUNA OLT'.
2025-07-31 00:03:34,425 - WARNING - ⚠️ The Span KHEJRABABA-GUNA OLT is disconnected at this point (77.32092140000182, 24.654187199999885)
2025-07-31 00:03:34,437 - WARNING - ⚠️ Warning: Disconnected segment remains in span 'KHERIKHATA-MAHODRA GP'.
2025-07-31 00:03:34,437 - WARNING - ⚠️ The Span KHERIKHATA-MAHODRA GP is disconnected at this point (77.29779632743761, 24.862927615487045)
2025-07-31 00:03:34,451 - WARNING - ⚠️ Warning: Disconnected segment remains in span 'KUNDOL-GAJNAI'.
2025-07-31 00:03:34,451 - WARNING - ⚠️ The Span KUNDOL-GAJNAI is disconnected at this point (77.49736984010724, 24.741780304310147)
2025-07-31 00:03:34,468 - WARNING - ⚠️ Warning: Disconnected segment remains in span 'LEHARGHAT-JAMRA'.
2025-07-31 00:03:34,468 - WARNING - ⚠️ The Span LEHARGHAT-JAMRA is disconnected at this point (77.46372781062739, 24.808857940341237)
2025-07-31 00:03:34,474 - WARNING - ⚠️ Warning: Disconnected segment remains in span 'LEHARKOTA-DUNGSARA'.
2025-07-31 00:03:34,474 - WARNING - ⚠️ The Span LEHARKOTA-DUNGSARA is disconnected at this point (77.41879204960898, 24.813664958896698)
2025-07-31 00:03:34,479 - WARNING - ⚠️ Warning: Disconnected segment remains in span 'MAGRANA-EMJHARA'.
2025-07-31 00:03:34,479 - WARNING - ⚠️ The Span MAGRANA-EMJHARA is disconnected at this point (77.46279409416955, 24.676998792833196)
2025-07-31 00:03:34,487 - WARNING - ⚠️ Warning: Disconnected segment remains in span 'MAHODRA GP-AGARA GP'.
2025-07-31 00:03:34,487 - WARNING - ⚠️ The Span MAHODRA GP-AGARA GP is disconnected at this point (77.29779632743761, 24.862927615487045)
2025-07-31 00:03:34,497 - WARNING - ⚠️ Warning: Disconnected segment remains in span 'MAHUKHAN-RICHHERA'.
2025-07-31 00:03:34,497 - WARNING - ⚠️ The Span MAHUKHAN-RICHHERA is disconnected at this point (77.45026080012309, 24.71024030032886)
2025-07-31 00:03:34,502 - WARNING - ⚠️ Warning: Disconnected segment remains in span 'MAHUR-KAROD'.
2025-07-31 00:03:34,502 - WARNING - ⚠️ The Span MAHUR-KAROD is disconnected at this point (77.45471895444275, 24.594350719269393)
2025-07-31 00:03:34,507 - WARNING - ⚠️ Warning: Disconnected segment remains in span 'MAKRAWADA GP-UMARI'.
2025-07-31 00:03:34,508 - WARNING - ⚠️ The Span MAKRAWADA GP-UMARI is disconnected at this point (77.27550753370423, 24.748358623715415)
2025-07-31 00:03:34,548 - WARNING - ⚠️ Warning: Disconnected segment remains in span 'MARKIMAHU GP-UDAYPURI GP'.
2025-07-31 00:03:34,548 - WARNING - ⚠️ The Span MARKIMAHU GP-UDAYPURI GP is disconnected at this point (77.3370670394999, 24.98374034460362)
2025-07-31 00:03:34,554 - WARNING - ⚠️ Warning: Disconnected segment remains in span 'MAVAN-KHEJRABABA'.
2025-07-31 00:03:34,554 - WARNING - ⚠️ The Span MAVAN-KHEJRABABA is disconnected at this point (77.38249792096143, 24.639836103418784)
2025-07-31 00:03:34,578 - WARNING - ⚠️ Warning: Disconnected segment remains in span 'MAYANA-PADMANKHEDI'.
2025-07-31 00:03:34,578 - WARNING - ⚠️ The Span MAYANA-PADMANKHEDI is disconnected at this point (77.50010068727849, 24.84487058258769)
2025-07-31 00:03:34,597 - WARNING - ⚠️ Warning: Disconnected segment remains in span 'NEGMA GP-MAKRAWADA GP'.
2025-07-31 00:03:34,597 - WARNING - ⚠️ The Span NEGMA GP-MAKRAWADA GP is disconnected at this point (77.26496650390175, 24.739768908407846)
2025-07-31 00:03:34,602 - WARNING - ⚠️ Warning: Disconnected segment remains in span 'PADMANKHEDI-KHAJURI'.
2025-07-31 00:03:34,603 - WARNING - ⚠️ The Span PADMANKHEDI-KHAJURI is disconnected at this point (77.50003039033584, 24.844814922826888)
2025-07-31 00:03:34,636 - WARNING - ⚠️ Warning: Disconnected segment remains in span 'PIPRODA KHURDA-GUNA OLT'.
2025-07-31 00:03:34,636 - WARNING - ⚠️ The Span PIPRODA KHURDA-GUNA OLT is disconnected at this point (77.31680922317747, 24.656705989923573)
2025-07-31 00:03:34,652 - WARNING - ⚠️ Warning: Disconnected segment remains in span 'PIPRODA KHURDA-NEGMA GP'.
2025-07-31 00:03:34,652 - WARNING - ⚠️ The Span PIPRODA KHURDA-NEGMA GP is disconnected at this point (77.30383615866849, 24.723315275166584)
2025-07-31 00:03:34,666 - WARNING - ⚠️ Warning: Disconnected segment remains in span 'PURAPOSAR-SAKHATPURA'.
2025-07-31 00:03:34,666 - WARNING - ⚠️ The Span PURAPOSAR-SAKHATPURA is disconnected at this point (77.2579298908055, 24.691659730612468)
2025-07-31 00:03:34,684 - WARNING - ⚠️ Warning: Disconnected segment remains in span 'REHPURA-KALECHARI'.
2025-07-31 00:03:34,684 - WARNING - ⚠️ The Span REHPURA-KALECHARI is disconnected at this point (77.20749636736885, 25.03735547299736)
2025-07-31 00:03:34,710 - WARNING - ⚠️ Warning: Disconnected segment remains in span 'RENJHAI-HINOTIYA'.
2025-07-31 00:03:34,710 - WARNING - ⚠️ The Span RENJHAI-HINOTIYA is disconnected at this point (77.46478911087598, 24.737590816780507)
2025-07-31 00:03:34,787 - WARNING - ⚠️ Warning: Disconnected segment remains in span 'RICHHERA-GUNA OLT'.
2025-07-31 00:03:34,787 - WARNING - ⚠️ The Span RICHHERA-GUNA OLT is disconnected at this point (77.32563711491218, 24.650252472333758)
2025-07-31 00:03:34,793 - WARNING - ⚠️ Warning: Disconnected segment remains in span 'SAKHATPURA-PIPRODA KHURDA'.
2025-07-31 00:03:34,793 - WARNING - ⚠️ The Span SAKHATPURA-PIPRODA KHURDA is disconnected at this point (77.30068847812247, 24.670200815794203)
2025-07-31 00:03:34,803 - WARNING - ⚠️ Warning: Disconnected segment remains in span 'SANWADA GP-SIRSI GP'.
2025-07-31 00:03:34,803 - WARNING - ⚠️ The Span SANWADA GP-SIRSI GP is disconnected at this point (77.31918799700195, 25.03895955150003)
2025-07-31 00:03:34,815 - WARNING - ⚠️ Warning: Disconnected segment remains in span 'SATANPUR-CHURAI'.
2025-07-31 00:03:34,815 - WARNING - ⚠️ The Span SATANPUR-CHURAI is disconnected at this point (77.38134638018443, 24.500505190507894)
2025-07-31 00:03:34,821 - WARNING - ⚠️ Warning: Disconnected segment remains in span 'SILAWATI-PURENI'.
2025-07-31 00:03:34,821 - WARNING - ⚠️ The Span SILAWATI-PURENI is disconnected at this point (77.38697539353069, 24.716450083883732)
2025-07-31 00:03:34,828 - WARNING - ⚠️ Warning: Disconnected segment remains in span 'SINGADHI-HARIPUR'.
2025-07-31 00:03:34,828 - WARNING - ⚠️ The Span SINGADHI-HARIPUR is disconnected at this point (77.25615281376818, 24.664842040059117)
2025-07-31 00:03:34,841 - WARNING - ⚠️ Warning: Disconnected segment remains in span 'SINGPUR-TINSAIYAI'.
2025-07-31 00:03:34,841 - WARNING - ⚠️ The Span SINGPUR-TINSAIYAI is disconnected at this point (77.4257434793096, 24.899681374129184)
2025-07-31 00:03:34,845 - WARNING - ⚠️ Warning: Disconnected segment remains in span 'SIRSI GP-KARILI GP'.
2025-07-31 00:03:34,846 - WARNING - ⚠️ The Span SIRSI GP-KARILI GP is disconnected at this point (77.26717821306728, 25.009618155494092)
2025-07-31 00:03:34,851 - WARNING - ⚠️ Warning: Disconnected segment remains in span 'SIRSI GP-NAYAGAON GP'.
2025-07-31 00:03:34,851 - WARNING - ⚠️ The Span SIRSI GP-NAYAGAON GP is disconnected at this point (77.26635313511801, 25.029939850228843)
2025-07-31 00:03:34,860 - WARNING - ⚠️ Warning: Disconnected segment remains in span 'SIRSIKALAN-BARKHEDA GIRD'.
2025-07-31 00:03:34,861 - WARNING - ⚠️ The Span SIRSIKALAN-BARKHEDA GIRD is disconnected at this point (77.42533171333888, 24.53592884708381)
2025-07-31 00:03:34,869 - WARNING - ⚠️ Warning: Disconnected segment remains in span 'TAKNERA-MAYANA'.
2025-07-31 00:03:34,869 - WARNING - ⚠️ The Span TAKNERA-MAYANA is disconnected at this point (77.45434469962728, 24.884128199650952)
2025-07-31 00:03:34,876 - WARNING - ⚠️ Warning: Disconnected segment remains in span 'TAPPING CHHIPON-DHURDHURU'.
2025-07-31 00:03:34,876 - WARNING - ⚠️ The Span TAPPING CHHIPON-DHURDHURU is disconnected at this point (77.32643971387442, 24.495099528557958)
2025-07-31 00:03:34,899 - WARNING - ⚠️ Warning: Disconnected segment remains in span 'TAPPING KARKEKIMAHU-DHANWADI'.
2025-07-31 00:03:34,899 - WARNING - ⚠️ The Span TAPPING KARKEKIMAHU-DHANWADI is disconnected at this point (77.32865153883536, 24.92739131733319)
2025-07-31 00:03:34,905 - WARNING - ⚠️ Warning: Disconnected segment remains in span 'TAPPING KAROD-MANGWAR'.
2025-07-31 00:03:34,905 - WARNING - ⚠️ The Span TAPPING KAROD-MANGWAR is disconnected at this point (77.43594134022077, 24.576605060841977)
2025-07-31 00:03:34,916 - WARNING - ⚠️ Warning: Disconnected segment remains in span 'TAPPING MAHODRA GP-RAI GP'.
2025-07-31 00:03:34,916 - WARNING - ⚠️ The Span TAPPING MAHODRA GP-RAI GP is disconnected at this point (77.3097513608039, 24.85975396921888)
2025-07-31 00:03:34,944 - WARNING - ⚠️ Warning: Disconnected segment remains in span 'TARAWATA-DHAMNAR'.
2025-07-31 00:03:34,944 - WARNING - ⚠️ The Span TARAWATA-DHAMNAR is disconnected at this point (77.38220293365428, 24.73936406692111)
2025-07-31 00:03:34,951 - WARNING - ⚠️ Warning: Disconnected segment remains in span 'TILLI KHEDA-CHHIPON'.
2025-07-31 00:03:34,951 - WARNING - ⚠️ The Span TILLI KHEDA-CHHIPON is disconnected at this point (77.33986465913533, 24.499206276783614)
2025-07-31 00:03:34,989 - WARNING - ⚠️ Warning: Disconnected segment remains in span 'TORIYA-MAVAN'.
2025-07-31 00:03:34,989 - WARNING - ⚠️ The Span TORIYA-MAVAN is disconnected at this point (77.38061370655446, 24.648578201810817)
2025-07-31 00:03:34,994 - WARNING - ⚠️ Warning: Disconnected segment remains in span 'UDAYPURI GP-KARKEKIMAHU'.
2025-07-31 00:03:34,994 - WARNING - ⚠️ The Span UDAYPURI GP-KARKEKIMAHU is disconnected at this point (77.29568595559908, 24.993307385143243)
2025-07-31 00:03:35,000 - WARNING - ⚠️ Warning: Disconnected segment remains in span 'UKAWAD-MANPUR'.
2025-07-31 00:03:35,000 - WARNING - ⚠️ The Span UKAWAD-MANPUR is disconnected at this point (77.47815262987106, 24.759578881656598)
2025-07-31 00:03:35,008 - WARNING - ⚠️ Warning: Disconnected segment remains in span 'VINAYAK KHEDI-GADLA GIRD'.
2025-07-31 00:03:35,008 - WARNING - ⚠️ The Span VINAYAK KHEDI-GADLA GIRD is disconnected at this point (77.31640000000198, 24.622189999999907)
2025-07-31 00:03:35,098 - INFO - Created 1,919 records
2025-07-31 00:03:35,107 - INFO - Created 96 records
2025-07-31 00:03:35,107 - INFO - ✅ Sequence assigned and saved with original index preserved.
2025-07-31 00:03:35,165 - INFO - 🔄 Found 8 rings: ['R1', 'R2', 'R2-C1', 'R3', 'R3-C1', 'R4', 'R5', 'R5-C1']
2025-07-31 00:03:35,165 - INFO - 
🔁 Processing ring: R1
2025-07-31 00:03:35,167 - INFO - ✅ Completed ring R1 with 0 spans.
2025-07-31 00:03:35,167 - INFO - 
🔁 Processing ring: R2
2025-07-31 00:03:35,169 - INFO - ✅ Completed ring R2 with 0 spans.
2025-07-31 00:03:35,169 - INFO - 
🔁 Processing ring: R2-C1
2025-07-31 00:03:35,171 - INFO - ✅ Completed ring R2-C1 with 1 spans.
2025-07-31 00:03:35,171 - INFO - 
🔁 Processing ring: R3
2025-07-31 00:03:35,172 - INFO - ✅ Completed ring R3 with 0 spans.
2025-07-31 00:03:35,172 - INFO - 
🔁 Processing ring: R3-C1
2025-07-31 00:03:35,172 - ERROR - ❌ Invalid start point input: could not convert string to float: '24.62493000000,'
2025-07-31 00:03:35,172 - INFO - 
🔁 Processing ring: R4
2025-07-31 00:03:35,173 - INFO - ✅ Completed ring R4 with 0 spans.
2025-07-31 00:03:35,173 - INFO - 
🔁 Processing ring: R5
2025-07-31 00:03:35,175 - INFO - ✅ Completed ring R5 with 0 spans.
2025-07-31 00:03:35,175 - INFO - 
🔁 Processing ring: R5-C1
2025-07-31 00:03:35,176 - INFO - ✅ Completed ring R5-C1 with 0 spans.
2025-07-31 00:03:35,266 - INFO - Created 1,919 records
2025-07-31 00:03:35,273 - INFO - Created 96 records
2025-07-31 00:03:35,273 - INFO - ✅ All rings processed. Span sequence updated and saved.
