2025-08-02 01:13:12,525 - WARNING - ⚠️ Warning: Disconnected segment remains in span 'ANVAI TO PIPRIYA DOILAT'.
2025-08-02 01:13:12,526 - WARNING - ⚠️ The Span ANVAI TO PIPRIYA DOILAT is disconnected at this point (78.11112536400003, 23.74133918700005)
2025-08-02 01:13:12,544 - WARNING - ⚠️ Warning: Disconnected segment remains in span 'ATARIKHEJDA TO SUAAKHEDI'.
2025-08-02 01:13:12,544 - WARNING - ⚠️ The Span ATARIKHEJDA TO SUAAKHEDI is disconnected at this point (78.02928850000006, 23.61712170000004)
2025-08-02 01:13:12,563 - WARNING - ⚠️ Warning: Disconnected segment remains in span 'BANJARIYA-SIYASI'.
2025-08-02 01:13:12,563 - WARNING - ⚠️ The Span BANJARIYA-SIYASI is disconnected at this point (78.07668050000007, 23.597324900000046)
2025-08-02 01:13:12,583 - WARNING - ⚠️ Warning: Disconnected segment remains in span 'BARMADHI TO GYARASPUR BLOCK'.
2025-08-02 01:13:12,583 - WARNING - ⚠️ The Span BARMADHI TO GYARASPUR BLOCK is disconnected at this point (78.12440774500004, 23.69459192100004)
2025-08-02 01:13:12,603 - WARNING - ⚠️ Warning: Disconnected segment remains in span 'BARWAI - HAIDARGHAR'.
2025-08-02 01:13:12,603 - WARNING - ⚠️ The Span BARWAI - HAIDARGHAR is disconnected at this point (78.18596970000004, 23.625869400000056)
2025-08-02 01:13:12,663 - WARNING - ⚠️ Warning: Disconnected segment remains in span 'BEHLOT TO MADHIYA DHAMNOD'.
2025-08-02 01:13:12,663 - WARNING - ⚠️ The Span BEHLOT TO MADHIYA DHAMNOD is disconnected at this point (78.25289704500005, 23.654114296000046)
2025-08-02 01:13:12,682 - WARNING - ⚠️ Warning: Disconnected segment remains in span 'BUDHI BAGROAD TO KASWA BAGROAD'.
2025-08-02 01:13:12,682 - WARNING - ⚠️ The Span BUDHI BAGROAD TO KASWA BAGROAD is disconnected at this point (78.23572540000004, 23.733997600000066)
2025-08-02 01:13:12,723 - WARNING - ⚠️ Warning: Disconnected segment remains in span 'CHIKLI - BARWAI'.
2025-08-02 01:13:12,723 - WARNING - ⚠️ The Span CHIKLI - BARWAI is disconnected at this point (78.17391400000008, 23.642737900000043)
2025-08-02 01:13:12,744 - WARNING - ⚠️ Warning: Disconnected segment remains in span 'CHIRAVATA TO INDARVAS'.
2025-08-02 01:13:12,744 - WARNING - ⚠️ The Span CHIRAVATA TO INDARVAS is disconnected at this point (78.03986270000007, 23.691869300000064)
2025-08-02 01:13:12,766 - WARNING - ⚠️ Warning: Disconnected segment remains in span 'DEYARPUR TO BASADEHI'.
2025-08-02 01:13:12,766 - WARNING - ⚠️ The Span DEYARPUR TO BASADEHI is disconnected at this point (78.27510100000006, 23.696700000000078)
2025-08-02 01:13:12,796 - WARNING - ⚠️ Warning: Disconnected segment remains in span 'DHAMNOD - MADNAI'.
2025-08-02 01:13:12,796 - WARNING - ⚠️ The Span DHAMNOD - MADNAI is disconnected at this point (78.23659862000005, 23.62255394500005)
2025-08-02 01:13:12,871 - WARNING - ⚠️ Warning: Disconnected segment remains in span 'GHONSUA TO LAKHANGAR'.
2025-08-02 01:13:12,871 - WARNING - ⚠️ The Span GHONSUA TO LAKHANGAR is disconnected at this point (77.96647450000006, 23.67177380000004)
2025-08-02 01:13:12,899 - WARNING - ⚠️ Warning: Disconnected segment remains in span 'GONDKHEDIMAR TO BARMADHI'.
2025-08-02 01:13:12,899 - WARNING - ⚠️ The Span GONDKHEDIMAR TO BARMADHI is disconnected at this point (78.13961890000007, 23.70411930000006)
2025-08-02 01:13:12,919 - WARNING - ⚠️ Warning: Disconnected segment remains in span 'GUNNOTHA - HAIDARGHAR'.
2025-08-02 01:13:12,919 - WARNING - ⚠️ The Span GUNNOTHA - HAIDARGHAR is disconnected at this point (78.19586670000007, 23.61438000000004)
2025-08-02 01:13:12,957 - WARNING - ⚠️ Warning: Disconnected segment remains in span 'GYARASPUR BLOCK - KOLUA DHAMNOD'.
2025-08-02 01:13:12,957 - WARNING - ⚠️ The Span GYARASPUR BLOCK - KOLUA DHAMNOD is disconnected at this point (78.12444094600005, 23.694636054000057)
2025-08-02 01:13:13,024 - WARNING - ⚠️ Warning: Disconnected segment remains in span 'GYARASPUR BLOCK TO PATHARAI'.
2025-08-02 01:13:13,025 - WARNING - ⚠️ The Span GYARASPUR BLOCK TO PATHARAI is disconnected at this point (78.11036070000006, 23.675387200000046)
2025-08-02 01:13:13,052 - WARNING - ⚠️ Warning: Disconnected segment remains in span 'GYARASPUR BLOCK TO SONSERA'.
2025-08-02 01:13:13,052 - WARNING - ⚠️ The Span GYARASPUR BLOCK TO SONSERA is disconnected at this point (78.09617360000004, 23.73040080000004)
2025-08-02 01:13:13,075 - WARNING - ⚠️ Warning: Disconnected segment remains in span 'GYARASPUR BLOCK-MANORA'.
2025-08-02 01:13:13,075 - WARNING - ⚠️ The Span GYARASPUR BLOCK-MANORA is disconnected at this point (78.11036070000006, 23.675387200000046)
2025-08-02 01:13:13,104 - WARNING - ⚠️ Warning: Disconnected segment remains in span 'HAIDARGHAR - DHAMNOD'.
2025-08-02 01:13:13,104 - WARNING - ⚠️ The Span HAIDARGHAR - DHAMNOD is disconnected at this point (78.22876612800007, 23.655404419000035)
2025-08-02 01:13:13,129 - WARNING - ⚠️ Warning: Disconnected segment remains in span 'HAIDARGHAR - MADIYAJAMAN'.
2025-08-02 01:13:13,129 - WARNING - ⚠️ The Span HAIDARGHAR - MADIYAJAMAN is disconnected at this point (78.18083586000006, 23.599521374000062)
2025-08-02 01:13:13,150 - WARNING - ⚠️ Warning: Disconnected segment remains in span 'HAMADPUR TO MAHOLLI TYONDA'.
2025-08-02 01:13:13,150 - WARNING - ⚠️ The Span HAMADPUR TO MAHOLLI TYONDA is disconnected at this point (78.16940940000006, 23.853665400000068)
2025-08-02 01:13:13,169 - WARNING - ⚠️ Warning: Disconnected segment remains in span 'INDARVAS TO GYARASPUR BLOCK'.
2025-08-02 01:13:13,170 - WARNING - ⚠️ The Span INDARVAS TO GYARASPUR BLOCK is disconnected at this point (78.05622150000005, 23.702429000000052)
2025-08-02 01:13:13,196 - WARNING - ⚠️ Warning: Disconnected segment remains in span 'KANJELA-SIHOD'.
2025-08-02 01:13:13,196 - WARNING - ⚠️ The Span KANJELA-SIHOD is disconnected at this point (78.05639630000007, 23.58645420000005)
2025-08-02 01:13:13,251 - WARNING - ⚠️ Warning: Disconnected segment remains in span 'KHAMKHEDA TO RASULPUR'.
2025-08-02 01:13:13,251 - WARNING - ⚠️ The Span KHAMKHEDA TO RASULPUR is disconnected at this point (78.18637170000005, 23.817014700000072)
2025-08-02 01:13:13,297 - WARNING - ⚠️ Warning: Disconnected segment remains in span 'KHERODA TO PACHPIPARA'.
2025-08-02 01:13:13,297 - WARNING - ⚠️ The Span KHERODA TO PACHPIPARA is disconnected at this point (78.27359860000007, 23.863920200000052)
2025-08-02 01:13:13,315 - WARNING - ⚠️ Warning: Disconnected segment remains in span 'KHIRIYA JAGEER - MOHOMMADGARH'.
2025-08-02 01:13:13,315 - WARNING - ⚠️ The Span KHIRIYA JAGEER - MOHOMMADGARH is disconnected at this point (78.19363630000004, 23.654074500000036)
2025-08-02 01:13:13,336 - WARNING - ⚠️ Warning: Disconnected segment remains in span 'KOLUA DHAMNOD - KHIRIYA JAGEER'.
2025-08-02 01:13:13,337 - WARNING - ⚠️ The Span KOLUA DHAMNOD - KHIRIYA JAGEER is disconnected at this point (78.18922620000006, 23.67655060000004)
2025-08-02 01:13:13,362 - WARNING - ⚠️ Warning: Disconnected segment remains in span 'LAGDHA TO GONDKHEDIMAR'.
2025-08-02 01:13:13,362 - WARNING - ⚠️ The Span LAGDHA TO GONDKHEDIMAR is disconnected at this point (78.17976670000007, 23.724320000000034)
2025-08-02 01:13:13,383 - WARNING - ⚠️ Warning: Disconnected segment remains in span 'LAKHANGAR TO CHIRAVATA'.
2025-08-02 01:13:13,383 - WARNING - ⚠️ The Span LAKHANGAR TO CHIRAVATA is disconnected at this point (78.00946350000004, 23.68308090000005)
2025-08-02 01:13:13,404 - WARNING - ⚠️ Warning: Disconnected segment remains in span 'MADHIPUR-DIGHORA'.
2025-08-02 01:13:13,404 - WARNING - ⚠️ The Span MADHIPUR-DIGHORA is disconnected at this point (78.00075460000005, 23.595036700000037)
2025-08-02 01:13:13,428 - WARNING - ⚠️ Warning: Disconnected segment remains in span 'MADHIYA DHAMNOD TO PIPARIYA PARASHAR'.
2025-08-02 01:13:13,428 - WARNING - ⚠️ The Span MADHIYA DHAMNOD TO PIPARIYA PARASHAR is disconnected at this point (78.20254230000006, 23.68002450000006)
2025-08-02 01:13:13,463 - WARNING - ⚠️ Warning: Disconnected segment remains in span 'MADIYAJAMAN - MANOPRA'.
2025-08-02 01:13:13,463 - WARNING - ⚠️ The Span MADIYAJAMAN - MANOPRA is disconnected at this point (78.08589581200005, 23.635316593000027)
2025-08-02 01:13:13,482 - WARNING - ⚠️ Warning: Disconnected segment remains in span 'MADNAI - PACHPEDIYA'.
2025-08-02 01:13:13,483 - WARNING - ⚠️ The Span MADNAI - PACHPEDIYA is disconnected at this point (78.23561410000008, 23.619023000000027)
2025-08-02 01:13:13,502 - WARNING - ⚠️ Warning: Disconnected segment remains in span 'MAHOLLI TYONDA TO MURAHER'.
2025-08-02 01:13:13,502 - WARNING - ⚠️ The Span MAHOLLI TYONDA TO MURAHER is disconnected at this point (78.20572300000003, 23.899616000000037)
2025-08-02 01:13:13,566 - WARNING - ⚠️ Warning: Disconnected segment remains in span 'MANOPRA - OLINJA'.
2025-08-02 01:13:13,566 - WARNING - ⚠️ The Span MANOPRA - OLINJA is disconnected at this point (78.08589581200005, 23.635316593000027)
2025-08-02 01:13:13,594 - WARNING - ⚠️ Warning: Disconnected segment remains in span 'MANORA-BANJARIYA'.
2025-08-02 01:13:13,594 - WARNING - ⚠️ The Span MANORA-BANJARIYA is disconnected at this point (78.08406120000006, 23.634639200000038)
2025-08-02 01:13:13,618 - WARNING - ⚠️ Warning: Disconnected segment remains in span 'MOHAMMADGARH - CHIKLI'.
2025-08-02 01:13:13,619 - WARNING - ⚠️ The Span MOHAMMADGARH - CHIKLI is disconnected at this point (78.16596460000005, 23.64701290000005)
2025-08-02 01:13:13,654 - WARNING - ⚠️ Warning: Disconnected segment remains in span 'MUDRAGANESHPUR TO CHATHOLI'.
2025-08-02 01:13:13,655 - WARNING - ⚠️ The Span MUDRAGANESHPUR TO CHATHOLI is disconnected at this point (77.97079180000003, 23.650748300000032)
2025-08-02 01:13:13,689 - WARNING - ⚠️ Warning: Disconnected segment remains in span 'MURAHER TO UKAYLA ( MATENA)'.
2025-08-02 01:13:13,689 - WARNING - ⚠️ The Span MURAHER TO UKAYLA ( MATENA) is disconnected at this point (78.25159300000007, 23.898010000000056)
2025-08-02 01:13:13,716 - WARNING - ⚠️ Warning: Disconnected segment remains in span 'NANDUR-MADHIPUR'.
2025-08-02 01:13:13,717 - WARNING - ⚠️ The Span NANDUR-MADHIPUR is disconnected at this point (78.00486840000008, 23.579741300000023)
2025-08-02 01:13:13,782 - WARNING - ⚠️ Warning: Disconnected segment remains in span 'OLINJA - GYARASPUR'.
2025-08-02 01:13:13,783 - WARNING - ⚠️ The Span OLINJA - GYARASPUR is disconnected at this point (78.10999560000005, 23.646347800000058)
2025-08-02 01:13:13,820 - WARNING - ⚠️ Warning: Disconnected segment remains in span 'PACHPEDIYA - NORJA'.
2025-08-02 01:13:13,821 - WARNING - ⚠️ The Span PACHPEDIYA - NORJA is disconnected at this point (78.20898170000004, 23.603446100000042)
2025-08-02 01:13:13,869 - WARNING - ⚠️ Warning: Disconnected segment remains in span 'PACHPIPARA TO MAINWADA'.
2025-08-02 01:13:13,869 - WARNING - ⚠️ The Span PACHPIPARA TO MAINWADA is disconnected at this point (78.24976250000003, 23.81255740000006)
2025-08-02 01:13:13,891 - WARNING - ⚠️ Warning: Disconnected segment remains in span 'PATHARAI TO ATARIKHEJDA'.
2025-08-02 01:13:13,892 - WARNING - ⚠️ The Span PATHARAI TO ATARIKHEJDA is disconnected at this point (78.04856677800007, 23.64401831400005)
2025-08-02 01:13:13,950 - WARNING - ⚠️ Warning: Disconnected segment remains in span 'PIPARIYA PARASHAR TO GYARASPUR BLOCK'.
2025-08-02 01:13:13,950 - WARNING - ⚠️ The Span PIPARIYA PARASHAR TO GYARASPUR BLOCK is disconnected at this point (78.19283880000006, 23.694691900000066)
2025-08-02 01:13:13,982 - WARNING - ⚠️ Warning: Disconnected segment remains in span 'PIPRAHA TO BUDHI BAGROAD'.
2025-08-02 01:13:13,983 - WARNING - ⚠️ The Span PIPRAHA TO BUDHI BAGROAD is disconnected at this point (78.23572540000004, 23.733997600000066)
2025-08-02 01:13:14,010 - WARNING - ⚠️ Warning: Disconnected segment remains in span 'PIPRIYA DOILAT TO PIPRAHA'.
2025-08-02 01:13:14,010 - WARNING - ⚠️ The Span PIPRIYA DOILAT TO PIPRAHA is disconnected at this point (78.24305780000003, 23.776201900000046)
2025-08-02 01:13:14,044 - WARNING - ⚠️ Warning: Disconnected segment remains in span 'RASULPUR TO AMARI'.
2025-08-02 01:13:14,044 - WARNING - ⚠️ The Span RASULPUR TO AMARI is disconnected at this point (78.18637170000005, 23.817014700000072)
2025-08-02 01:13:14,108 - WARNING - ⚠️ Warning: Disconnected segment remains in span 'RICHHAI TO RASULPUR'.
2025-08-02 01:13:14,108 - WARNING - ⚠️ The Span RICHHAI TO RASULPUR is disconnected at this point (78.13324850000004, 23.78381100000007)
2025-08-02 01:13:14,148 - WARNING - ⚠️ Warning: Disconnected segment remains in span 'SATHPADA KALA TO RICHHAI'.
2025-08-02 01:13:14,148 - WARNING - ⚠️ The Span SATHPADA KALA TO RICHHAI is disconnected at this point (78.12602260000006, 23.739288200000033)
2025-08-02 01:13:14,225 - WARNING - ⚠️ Warning: Disconnected segment remains in span 'SIHOD-AMBAR'.
2025-08-02 01:13:14,226 - WARNING - ⚠️ The Span SIHOD-AMBAR is disconnected at this point (78.05890140000008, 23.54660212500005)
2025-08-02 01:13:14,246 - WARNING - ⚠️ Warning: Disconnected segment remains in span 'SIMARHAR TO MUDRAGANESHPUR'.
2025-08-02 01:13:14,246 - WARNING - ⚠️ The Span SIMARHAR TO MUDRAGANESHPUR is disconnected at this point (77.97586811800005, 23.607491967000044)
2025-08-02 01:13:14,268 - WARNING - ⚠️ Warning: Disconnected segment remains in span 'SIYASI-KANJELA'.
2025-08-02 01:13:14,268 - WARNING - ⚠️ The Span SIYASI-KANJELA is disconnected at this point (78.07441500000004, 23.582818300000042)
2025-08-02 01:13:14,288 - WARNING - ⚠️ Warning: Disconnected segment remains in span 'SONSERA TO SATHPADA KALA'.
2025-08-02 01:13:14,288 - WARNING - ⚠️ The Span SONSERA TO SATHPADA KALA is disconnected at this point (78.11112536400003, 23.74133918700005)
2025-08-02 01:13:14,313 - WARNING - ⚠️ Warning: Disconnected segment remains in span 'SUAAKHEDI TO SIMARHAR'.
2025-08-02 01:13:14,314 - WARNING - ⚠️ The Span SUAAKHEDI TO SIMARHAR is disconnected at this point (77.99922943600006, 23.619820221000055)
2025-08-02 01:13:14,334 - WARNING - ⚠️ Warning: Disconnected segment remains in span 'T- POINT GUNNOTHA - KOLUA JAGEER'.
2025-08-02 01:13:14,334 - WARNING - ⚠️ The Span T- POINT GUNNOTHA - KOLUA JAGEER is disconnected at this point (78.19568521700006, 23.56635839100005)
2025-08-02 01:13:14,358 - WARNING - ⚠️ Warning: Disconnected segment remains in span 'T- POINT KOLUA JAGEER - MADIYA DAROI'.
2025-08-02 01:13:14,359 - WARNING - ⚠️ The Span T- POINT KOLUA JAGEER - MADIYA DAROI is disconnected at this point (78.20451363400008, 23.550619334000032)
2025-08-02 01:13:14,425 - WARNING - ⚠️ Warning: Disconnected segment remains in span 'T-POINT GHONSUA TO MUNGVARA'.
2025-08-02 01:13:14,425 - WARNING - ⚠️ The Span T-POINT GHONSUA TO MUNGVARA is disconnected at this point (77.95645469700008, 23.683744469000032)
2025-08-02 01:13:14,445 - WARNING - ⚠️ Warning: Disconnected segment remains in span 'T-POINT PATHARAI TO UHAR KOTRA'.
2025-08-02 01:13:14,445 - WARNING - ⚠️ The Span T-POINT PATHARAI TO UHAR KOTRA is disconnected at this point (78.08407158400007, 23.665776661000052)
2025-08-02 01:13:14,464 - WARNING - ⚠️ Warning: Disconnected segment remains in span 'TYONDA TO LAGDHA'.
2025-08-02 01:13:14,465 - WARNING - ⚠️ The Span TYONDA TO LAGDHA is disconnected at this point (78.18440820200004, 23.76354723700007)
2025-08-02 01:13:14,486 - WARNING - ⚠️ Warning: Disconnected segment remains in span 'UKAYLA ( MATENA) TO SERBASA'.
2025-08-02 01:13:14,486 - WARNING - ⚠️ The Span UKAYLA ( MATENA) TO SERBASA is disconnected at this point (78.25159300000007, 23.898010000000056)
2025-08-02 01:13:14,607 - INFO - Created 2,114 records
2025-08-02 01:13:14,616 - INFO - Created 82 records
2025-08-02 01:13:14,616 - INFO - ✅ Sequence assigned and saved with original index preserved.
2025-08-02 01:13:14,673 - INFO - 🔄 Found 7 rings: ['R1', 'R2', 'R2-C1', 'R3', 'R4', 'R4-C1', 'R5']
2025-08-02 01:13:14,673 - INFO - 
🔁 Processing ring: R1
2025-08-02 01:13:14,675 - WARNING - ⚠️  Warning: Closest node (77.95591518600008, 23.684615146000056) is far from given start (77.3209214, 24.6541872)
2025-08-02 01:13:14,675 - INFO - 
🔁 Processing ring: R2
2025-08-02 01:13:14,676 - WARNING - ⚠️  Warning: Closest node (78.13053970700008, 23.80407126700004) is far from given start (77.3209214, 24.6541872)
2025-08-02 01:13:14,676 - INFO - 
🔁 Processing ring: R2-C1
2025-08-02 01:13:14,677 - WARNING - ⚠️  Warning: Closest node (78.20572300000003, 23.899616000000037) is far from given start (77.4405969195, 24.6552332293)
2025-08-02 01:13:14,677 - INFO - 
🔁 Processing ring: R3
2025-08-02 01:13:14,679 - WARNING - ⚠️  Warning: Closest node (78.11117006200004, 23.741386454000065) is far from given start (77.3209214, 24.6541872)
2025-08-02 01:13:14,679 - INFO - 
🔁 Processing ring: R4
2025-08-02 01:13:14,680 - WARNING - ⚠️  Warning: Closest node (78.11036070000006, 23.675387200000046) is far from given start (77.3209214, 24.6541872)
2025-08-02 01:13:14,680 - INFO - 
🔁 Processing ring: R4-C1
