2025-08-02 01:20:33,658 - WARNING - ⚠️ Warning: Disconnected segment remains in span 'ANVAI TO PIPRIYA DOILAT'.
2025-08-02 01:20:33,658 - WARNING - ⚠️ The Span ANVAI TO PIPRIYA DOILAT is disconnected at this point (78.11125750000008, 23.712318400000072)
2025-08-02 01:20:33,716 - WARNING - ⚠️ Warning: Disconnected segment remains in span 'BARMADHI TO GYARASPUR BLOCK'.
2025-08-02 01:20:33,717 - WARNING - ⚠️ The Span BARMADHI TO GYARASPUR BLOCK is disconnected at this point (78.13961890000007, 23.70411930000006)
2025-08-02 01:20:34,095 - WARNING - ⚠️ Warning: Disconnected segment remains in span 'GYARASPUR BLOCK - KOLUA DHAMNOD'.
2025-08-02 01:20:34,095 - WARNING - ⚠️ The Span GYARASPUR BLOCK - KOLUA DHAMNOD is disconnected at this point (78.12444094600005, 23.694636054000057)
2025-08-02 01:20:34,283 - WARNING - ⚠️ Warning: Disconnected segment remains in span 'HAMADPUR TO MAHOLLI TYONDA'.
2025-08-02 01:20:34,283 - WARNING - ⚠️ The Span HAMADPUR TO MAHOLLI TYONDA is disconnected at this point (78.18174843700007, 23.875975358000062)
2025-08-02 01:20:34,450 - WARNING - ⚠️ Warning: Disconnected segment remains in span 'KHERODA TO PACHPIPARA'.
2025-08-02 01:20:34,450 - WARNING - ⚠️ The Span KHERODA TO PACHPIPARA is disconnected at this point (78.27359860000007, 23.863920200000052)
2025-08-02 01:20:34,517 - WARNING - ⚠️ Warning: Disconnected segment remains in span 'LAGDHA TO GONDKHEDIMAR'.
2025-08-02 01:20:34,517 - WARNING - ⚠️ The Span LAGDHA TO GONDKHEDIMAR is disconnected at this point (78.17641736700006, 23.73915054200006)
2025-08-02 01:20:34,688 - WARNING - ⚠️ Warning: Disconnected segment remains in span 'MAHOLLI TYONDA TO MURAHER'.
2025-08-02 01:20:34,688 - WARNING - ⚠️ The Span MAHOLLI TYONDA TO MURAHER is disconnected at this point (78.20664913900004, 23.897830990000045)
2025-08-02 01:20:34,982 - WARNING - ⚠️ Warning: Disconnected segment remains in span 'PACHPIPARA TO MAINWADA'.
2025-08-02 01:20:34,982 - WARNING - ⚠️ The Span PACHPIPARA TO MAINWADA is disconnected at this point (78.24386941700004, 23.820314847000077)
2025-08-02 01:20:35,374 - WARNING - ⚠️ Warning: Disconnected segment remains in span 'SONSERA TO SATHPADA KALA'.
2025-08-02 01:20:35,375 - WARNING - ⚠️ The Span SONSERA TO SATHPADA KALA is disconnected at this point (78.11112536400003, 23.74133918700005)
2025-08-02 01:20:35,508 - WARNING - ⚠️ Warning: Disconnected segment remains in span 'T-POINT GHONSUA TO MUNGVARA'.
2025-08-02 01:20:35,508 - WARNING - ⚠️ The Span T-POINT GHONSUA TO MUNGVARA is disconnected at this point (77.98004170000007, 23.714311700000053)
2025-08-02 01:20:35,561 - WARNING - ⚠️ Warning: Disconnected segment remains in span 'TYONDA TO LAGDHA'.
2025-08-02 01:20:35,562 - WARNING - ⚠️ The Span TYONDA TO LAGDHA is disconnected at this point (78.19386330000003, 23.80985830000003)
2025-08-02 01:20:35,716 - INFO - Created 2,114 records
2025-08-02 01:20:35,727 - INFO - Created 82 records
2025-08-02 01:20:35,728 - INFO - ✅ Sequence assigned and saved with original index preserved.
2025-08-02 01:20:35,784 - INFO - 🔄 Found 7 rings: ['R1', 'R2', 'R2-C1', 'R3', 'R4', 'R4-C1', 'R5']
2025-08-02 01:20:35,784 - INFO - 
🔁 Processing ring: R1
2025-08-02 01:20:35,787 - WARNING - ⚠️  Warning: Closest node (77.98004170000007, 23.714311700000053) is far from given start (77.3209214, 24.6541872)
2025-08-02 01:20:35,787 - INFO - 
🔁 Processing ring: R2
2025-08-02 01:20:35,788 - WARNING - ⚠️  Warning: Closest node (78.13324850000004, 23.78381100000007) is far from given start (77.3209214, 24.6541872)
2025-08-02 01:20:35,788 - INFO - 
🔁 Processing ring: R2-C1
2025-08-02 01:20:35,789 - WARNING - ⚠️  Warning: Closest node (78.20572300000003, 23.899616000000037) is far from given start (77.4405969195, 24.6552332293)
2025-08-02 01:20:35,789 - INFO - 
🔁 Processing ring: R3
2025-08-02 01:20:35,790 - WARNING - ⚠️  Warning: Closest node (78.11117006200004, 23.741386454000065) is far from given start (77.3209214, 24.6541872)
2025-08-02 01:20:35,790 - INFO - 
🔁 Processing ring: R4
2025-08-02 01:20:35,792 - WARNING - ⚠️  Warning: Closest node (78.11036070000006, 23.675387200000046) is far from given start (77.3209214, 24.6541872)
2025-08-02 01:20:35,792 - INFO - 
🔁 Processing ring: R4-C1
