2025-08-01 23:37:46,159 - WARNING - ⚠️ Warning: Disconnected segment remains in span 'ANVAI TO PIPRIYA DOILAT'.
2025-08-01 23:37:46,159 - WARNING - ⚠️ The Span ANVAI TO PIPRIYA DOILAT is disconnected at this point (78.11112536400003, 23.74133918700005)
2025-08-01 23:37:46,164 - WARNING - ⚠️ Warning: Disconnected segment remains in span 'ATARIKHEJDA TO SUAAKHEDI'.
2025-08-01 23:37:46,164 - WARNING - ⚠️ The Span ATARIKHEJDA TO SUAAKHEDI is disconnected at this point (77.99922943600006, 23.619820221000055)
2025-08-01 23:37:46,169 - WARNING - ⚠️ Warning: Disconnected segment remains in span 'BANJARIYA-SIYASI'.
2025-08-01 23:37:46,169 - WARNING - ⚠️ The Span BANJARIYA-SIYASI is disconnected at this point (78.07441500000004, 23.582818300000042)
2025-08-01 23:37:46,176 - WARNING - ⚠️ Warning: Disconnected segment remains in span 'BARMADHI TO GYARASPUR BLOCK'.
2025-08-01 23:37:46,176 - WARNING - ⚠️ The Span BARMADHI TO GYARASPUR BLOCK is disconnected at this point (78.12440774500004, 23.69459192100004)
2025-08-01 23:37:46,180 - WARNING - ⚠️ Warning: Disconnected segment remains in span 'BARWAI - HAIDARGHAR'.
2025-08-01 23:37:46,180 - WARNING - ⚠️ The Span BARWAI - HAIDARGHAR is disconnected at this point (78.19586670000007, 23.61438000000004)
2025-08-01 23:37:46,212 - WARNING - ⚠️ Warning: Disconnected segment remains in span 'BEHLOT TO MADHIYA DHAMNOD'.
2025-08-01 23:37:46,212 - WARNING - ⚠️ The Span BEHLOT TO MADHIYA DHAMNOD is disconnected at this point (78.25289704500005, 23.654114296000046)
2025-08-01 23:37:46,218 - WARNING - ⚠️ Warning: Disconnected segment remains in span 'BUDHI BAGROAD TO KASWA BAGROAD'.
2025-08-01 23:37:46,218 - WARNING - ⚠️ The Span BUDHI BAGROAD TO KASWA BAGROAD is disconnected at this point (78.21492280000007, 23.72317060000006)
2025-08-01 23:37:46,231 - WARNING - ⚠️ Warning: Disconnected segment remains in span 'CHIKLI - BARWAI'.
2025-08-01 23:37:46,231 - WARNING - ⚠️ The Span CHIKLI - BARWAI is disconnected at this point (78.18596970000004, 23.625869400000056)
2025-08-01 23:37:46,239 - WARNING - ⚠️ Warning: Disconnected segment remains in span 'CHIRAVATA TO INDARVAS'.
2025-08-01 23:37:46,239 - WARNING - ⚠️ The Span CHIRAVATA TO INDARVAS is disconnected at this point (78.05622150000005, 23.702429000000052)
2025-08-01 23:37:46,244 - WARNING - ⚠️ Warning: Disconnected segment remains in span 'DEYARPUR TO BASADEHI'.
2025-08-01 23:37:46,244 - WARNING - ⚠️ The Span DEYARPUR TO BASADEHI is disconnected at this point (78.24969438000005, 23.691488237000044)
2025-08-01 23:37:46,254 - WARNING - ⚠️ Warning: Disconnected segment remains in span 'DHAMNOD - MADNAI'.
2025-08-01 23:37:46,255 - WARNING - ⚠️ The Span DHAMNOD - MADNAI is disconnected at this point (78.22876612800007, 23.655404419000035)
2025-08-01 23:37:46,281 - WARNING - ⚠️ Warning: Disconnected segment remains in span 'GHONSUA TO LAKHANGAR'.
2025-08-01 23:37:46,281 - WARNING - ⚠️ The Span GHONSUA TO LAKHANGAR is disconnected at this point (78.00946350000004, 23.68308090000005)
2025-08-01 23:37:46,295 - WARNING - ⚠️ Warning: Disconnected segment remains in span 'GONDKHEDIMAR TO BARMADHI'.
2025-08-01 23:37:46,295 - WARNING - ⚠️ The Span GONDKHEDIMAR TO BARMADHI is disconnected at this point (78.13961890000007, 23.70411930000006)
2025-08-01 23:37:46,303 - WARNING - ⚠️ Warning: Disconnected segment remains in span 'GUNNOTHA - HAIDARGHAR'.
2025-08-01 23:37:46,303 - WARNING - ⚠️ The Span GUNNOTHA - HAIDARGHAR is disconnected at this point (78.18947186000008, 23.580311644000062)
2025-08-01 23:37:46,314 - WARNING - ⚠️ Warning: Disconnected segment remains in span 'GYARASPUR BLOCK - KOLUA DHAMNOD'.
2025-08-01 23:37:46,314 - WARNING - ⚠️ The Span GYARASPUR BLOCK - KOLUA DHAMNOD is disconnected at this point (78.12444094600005, 23.694636054000057)
2025-08-01 23:37:46,334 - WARNING - ⚠️ Warning: Disconnected segment remains in span 'GYARASPUR BLOCK TO PATHARAI'.
2025-08-01 23:37:46,334 - WARNING - ⚠️ The Span GYARASPUR BLOCK TO PATHARAI is disconnected at this point (78.04856677800007, 23.64401831400005)
2025-08-01 23:37:46,347 - WARNING - ⚠️ Warning: Disconnected segment remains in span 'GYARASPUR BLOCK TO SONSERA'.
2025-08-01 23:37:46,347 - WARNING - ⚠️ The Span GYARASPUR BLOCK TO SONSERA is disconnected at this point (78.09617360000004, 23.73040080000004)
2025-08-01 23:37:46,355 - WARNING - ⚠️ Warning: Disconnected segment remains in span 'GYARASPUR BLOCK-MANORA'.
2025-08-01 23:37:46,355 - WARNING - ⚠️ The Span GYARASPUR BLOCK-MANORA is disconnected at this point (78.08406120000006, 23.634639200000038)
2025-08-01 23:37:46,366 - WARNING - ⚠️ Warning: Disconnected segment remains in span 'HAIDARGHAR - DHAMNOD'.
2025-08-01 23:37:46,366 - WARNING - ⚠️ The Span HAIDARGHAR - DHAMNOD is disconnected at this point (78.19586670000007, 23.61438000000004)
2025-08-01 23:37:46,378 - WARNING - ⚠️ Warning: Disconnected segment remains in span 'HAIDARGHAR - MADIYAJAMAN'.
2025-08-01 23:37:46,378 - WARNING - ⚠️ The Span HAIDARGHAR - MADIYAJAMAN is disconnected at this point (78.18083586000006, 23.599521374000062)
2025-08-01 23:37:46,384 - WARNING - ⚠️ Warning: Disconnected segment remains in span 'HAMADPUR TO MAHOLLI TYONDA'.
2025-08-01 23:37:46,384 - WARNING - ⚠️ The Span HAMADPUR TO MAHOLLI TYONDA is disconnected at this point (78.18174843700007, 23.875975358000062)
2025-08-01 23:37:46,409 - WARNING - ⚠️ Warning: Disconnected segment remains in span 'INDARVAS TO GYARASPUR BLOCK'.
2025-08-01 23:37:46,409 - WARNING - ⚠️ The Span INDARVAS TO GYARASPUR BLOCK is disconnected at this point (78.11036070000006, 23.675387200000046)
2025-08-01 23:37:46,417 - WARNING - ⚠️ Warning: Disconnected segment remains in span 'KANJELA-SIHOD'.
2025-08-01 23:37:46,417 - WARNING - ⚠️ The Span KANJELA-SIHOD is disconnected at this point (78.05890140000008, 23.54660212500005)
2025-08-01 23:37:46,464 - WARNING - ⚠️ Warning: Disconnected segment remains in span 'KHERODA TO PACHPIPARA'.
2025-08-01 23:37:46,465 - WARNING - ⚠️ The Span KHERODA TO PACHPIPARA is disconnected at this point (78.26339008500008, 23.828481399000054)
2025-08-01 23:37:46,471 - WARNING - ⚠️ Warning: Disconnected segment remains in span 'KHIRIYA JAGEER - MOHOMMADGARH'.
2025-08-01 23:37:46,471 - WARNING - ⚠️ The Span KHIRIYA JAGEER - MOHOMMADGARH is disconnected at this point (78.16596460000005, 23.64701290000005)
2025-08-01 23:37:46,476 - WARNING - ⚠️ Warning: Disconnected segment remains in span 'KOLUA DHAMNOD - KHIRIYA JAGEER'.
2025-08-01 23:37:46,476 - WARNING - ⚠️ The Span KOLUA DHAMNOD - KHIRIYA JAGEER is disconnected at this point (78.19363630000004, 23.654074500000036)
2025-08-01 23:37:46,488 - WARNING - ⚠️ Warning: Disconnected segment remains in span 'LAGDHA TO GONDKHEDIMAR'.
2025-08-01 23:37:46,488 - WARNING - ⚠️ The Span LAGDHA TO GONDKHEDIMAR is disconnected at this point (78.17976670000007, 23.724320000000034)
2025-08-01 23:37:46,496 - WARNING - ⚠️ Warning: Disconnected segment remains in span 'LAKHANGAR TO CHIRAVATA'.
2025-08-01 23:37:46,496 - WARNING - ⚠️ The Span LAKHANGAR TO CHIRAVATA is disconnected at this point (78.03986270000007, 23.691869300000064)
2025-08-01 23:37:46,506 - WARNING - ⚠️ Warning: Disconnected segment remains in span 'MADHIPUR-DIGHORA'.
2025-08-01 23:37:46,506 - WARNING - ⚠️ The Span MADHIPUR-DIGHORA is disconnected at this point (78.05411821000007, 23.612011154000072)
2025-08-01 23:37:46,516 - WARNING - ⚠️ Warning: Disconnected segment remains in span 'MADHIYA DHAMNOD TO PIPARIYA PARASHAR'.
2025-08-01 23:37:46,516 - WARNING - ⚠️ The Span MADHIYA DHAMNOD TO PIPARIYA PARASHAR is disconnected at this point (78.20254230000006, 23.68002450000006)
2025-08-01 23:37:46,534 - WARNING - ⚠️ Warning: Disconnected segment remains in span 'MADIYAJAMAN - MANOPRA'.
2025-08-01 23:37:46,534 - WARNING - ⚠️ The Span MADIYAJAMAN - MANOPRA is disconnected at this point (78.08589581200005, 23.635316593000027)
2025-08-01 23:37:46,539 - WARNING - ⚠️ Warning: Disconnected segment remains in span 'MADNAI - PACHPEDIYA'.
2025-08-01 23:37:46,539 - WARNING - ⚠️ The Span MADNAI - PACHPEDIYA is disconnected at this point (78.23659862000005, 23.62255394500005)
2025-08-01 23:37:46,545 - WARNING - ⚠️ Warning: Disconnected segment remains in span 'MAHOLLI TYONDA TO MURAHER'.
2025-08-01 23:37:46,546 - WARNING - ⚠️ The Span MAHOLLI TYONDA TO MURAHER is disconnected at this point (78.20572300000003, 23.899616000000037)
2025-08-01 23:37:46,568 - WARNING - ⚠️ Warning: Disconnected segment remains in span 'MANOPRA - OLINJA'.
2025-08-01 23:37:46,568 - WARNING - ⚠️ The Span MANOPRA - OLINJA is disconnected at this point (78.10999560000005, 23.646347800000058)
2025-08-01 23:37:46,577 - WARNING - ⚠️ Warning: Disconnected segment remains in span 'MANORA-BANJARIYA'.
2025-08-01 23:37:46,577 - WARNING - ⚠️ The Span MANORA-BANJARIYA is disconnected at this point (78.07668050000007, 23.597324900000046)
2025-08-01 23:37:46,582 - WARNING - ⚠️ Warning: Disconnected segment remains in span 'MOHAMMADGARH - CHIKLI'.
2025-08-01 23:37:46,582 - WARNING - ⚠️ The Span MOHAMMADGARH - CHIKLI is disconnected at this point (78.17391400000008, 23.642737900000043)
2025-08-01 23:37:46,595 - WARNING - ⚠️ Warning: Disconnected segment remains in span 'MUDRAGANESHPUR TO CHATHOLI'.
2025-08-01 23:37:46,595 - WARNING - ⚠️ The Span MUDRAGANESHPUR TO CHATHOLI is disconnected at this point (77.97079180000003, 23.650748300000032)
2025-08-01 23:37:46,611 - WARNING - ⚠️ Warning: Disconnected segment remains in span 'MURAHER TO UKAYLA ( MATENA)'.
2025-08-01 23:37:46,611 - WARNING - ⚠️ The Span MURAHER TO UKAYLA ( MATENA) is disconnected at this point (78.25159300000007, 23.898010000000056)
2025-08-01 23:37:46,618 - WARNING - ⚠️ Warning: Disconnected segment remains in span 'NANDUR-MADHIPUR'.
2025-08-01 23:37:46,618 - WARNING - ⚠️ The Span NANDUR-MADHIPUR is disconnected at this point (78.00075460000005, 23.595036700000037)
2025-08-01 23:37:46,638 - WARNING - ⚠️ Warning: Disconnected segment remains in span 'OLINJA - GYARASPUR'.
2025-08-01 23:37:46,638 - WARNING - ⚠️ The Span OLINJA - GYARASPUR is disconnected at this point (78.11261850000005, 23.665121800000065)
2025-08-01 23:37:46,645 - WARNING - ⚠️ Warning: Disconnected segment remains in span 'PACHPEDIYA - NORJA'.
2025-08-01 23:37:46,645 - WARNING - ⚠️ The Span PACHPEDIYA - NORJA is disconnected at this point (78.23561410000008, 23.619023000000027)
2025-08-01 23:37:46,656 - WARNING - ⚠️ Warning: Disconnected segment remains in span 'PACHPIPARA TO MAINWADA'.
2025-08-01 23:37:46,656 - WARNING - ⚠️ The Span PACHPIPARA TO MAINWADA is disconnected at this point (78.24385090400006, 23.820246145000056)
2025-08-01 23:37:46,665 - WARNING - ⚠️ Warning: Disconnected segment remains in span 'PATHARAI TO ATARIKHEJDA'.
2025-08-01 23:37:46,665 - WARNING - ⚠️ The Span PATHARAI TO ATARIKHEJDA is disconnected at this point (78.02928850000006, 23.61712170000004)
2025-08-01 23:37:46,685 - WARNING - ⚠️ Warning: Disconnected segment remains in span 'PIPARIYA PARASHAR TO GYARASPUR BLOCK'.
2025-08-01 23:37:46,685 - WARNING - ⚠️ The Span PIPARIYA PARASHAR TO GYARASPUR BLOCK is disconnected at this point (78.19283880000006, 23.694691900000066)
2025-08-01 23:37:46,697 - WARNING - ⚠️ Warning: Disconnected segment remains in span 'PIPRAHA TO BUDHI BAGROAD'.
2025-08-01 23:37:46,697 - WARNING - ⚠️ The Span PIPRAHA TO BUDHI BAGROAD is disconnected at this point (78.23572540000004, 23.733997600000066)
2025-08-01 23:37:46,707 - WARNING - ⚠️ Warning: Disconnected segment remains in span 'PIPRIYA DOILAT TO PIPRAHA'.
2025-08-01 23:37:46,707 - WARNING - ⚠️ The Span PIPRIYA DOILAT TO PIPRAHA is disconnected at this point (78.24305780000003, 23.776201900000046)
2025-08-01 23:37:46,748 - WARNING - ⚠️ Warning: Disconnected segment remains in span 'RICHHAI TO RASULPUR'.
2025-08-01 23:37:46,748 - WARNING - ⚠️ The Span RICHHAI TO RASULPUR is disconnected at this point (78.18637170000005, 23.817014700000072)
2025-08-01 23:37:46,761 - WARNING - ⚠️ Warning: Disconnected segment remains in span 'SATHPADA KALA TO RICHHAI'.
2025-08-01 23:37:46,761 - WARNING - ⚠️ The Span SATHPADA KALA TO RICHHAI is disconnected at this point (78.13324850000004, 23.78381100000007)
2025-08-01 23:37:46,791 - WARNING - ⚠️ Warning: Disconnected segment remains in span 'SIHOD-AMBAR'.
2025-08-01 23:37:46,791 - WARNING - ⚠️ The Span SIHOD-AMBAR is disconnected at this point (78.02788700300005, 23.573083560000043)
2025-08-01 23:37:46,800 - WARNING - ⚠️ Warning: Disconnected segment remains in span 'SIMARHAR TO MUDRAGANESHPUR'.
2025-08-01 23:37:46,800 - WARNING - ⚠️ The Span SIMARHAR TO MUDRAGANESHPUR is disconnected at this point (77.95133550000008, 23.626796400000046)
2025-08-01 23:37:46,808 - WARNING - ⚠️ Warning: Disconnected segment remains in span 'SIYASI-KANJELA'.
2025-08-01 23:37:46,808 - WARNING - ⚠️ The Span SIYASI-KANJELA is disconnected at this point (78.05639630000007, 23.58645420000005)
2025-08-01 23:37:46,814 - WARNING - ⚠️ Warning: Disconnected segment remains in span 'SONSERA TO SATHPADA KALA'.
2025-08-01 23:37:46,814 - WARNING - ⚠️ The Span SONSERA TO SATHPADA KALA is disconnected at this point (78.11112536400003, 23.74133918700005)
2025-08-01 23:37:46,825 - WARNING - ⚠️ Warning: Disconnected segment remains in span 'SUAAKHEDI TO SIMARHAR'.
2025-08-01 23:37:46,825 - WARNING - ⚠️ The Span SUAAKHEDI TO SIMARHAR is disconnected at this point (77.99922943600006, 23.619820221000055)
2025-08-01 23:37:46,830 - WARNING - ⚠️ Warning: Disconnected segment remains in span 'T- POINT GUNNOTHA - KOLUA JAGEER'.
2025-08-01 23:37:46,831 - WARNING - ⚠️ The Span T- POINT GUNNOTHA - KOLUA JAGEER is disconnected at this point (78.18968360800005, 23.58036463600007)
2025-08-01 23:37:46,837 - WARNING - ⚠️ Warning: Disconnected segment remains in span 'T- POINT KOLUA JAGEER - MADIYA DAROI'.
2025-08-01 23:37:46,837 - WARNING - ⚠️ The Span T- POINT KOLUA JAGEER - MADIYA DAROI is disconnected at this point (78.19568521700006, 23.56635839100005)
2025-08-01 23:37:46,863 - WARNING - ⚠️ Warning: Disconnected segment remains in span 'T-POINT GHONSUA TO MUNGVARA'.
2025-08-01 23:37:46,863 - WARNING - ⚠️ The Span T-POINT GHONSUA TO MUNGVARA is disconnected at this point (77.95645469700008, 23.683744469000032)
2025-08-01 23:37:46,870 - WARNING - ⚠️ Warning: Disconnected segment remains in span 'T-POINT PATHARAI TO UHAR KOTRA'.
2025-08-01 23:37:46,870 - WARNING - ⚠️ The Span T-POINT PATHARAI TO UHAR KOTRA is disconnected at this point (78.08407158400007, 23.665776661000052)
2025-08-01 23:37:46,877 - WARNING - ⚠️ Warning: Disconnected segment remains in span 'TYONDA TO LAGDHA'.
2025-08-01 23:37:46,877 - WARNING - ⚠️ The Span TYONDA TO LAGDHA is disconnected at this point (78.17848000000004, 23.762283300000036)
2025-08-01 23:37:46,886 - WARNING - ⚠️ Warning: Disconnected segment remains in span 'UKAYLA ( MATENA) TO SERBASA'.
2025-08-01 23:37:46,886 - WARNING - ⚠️ The Span UKAYLA ( MATENA) TO SERBASA is disconnected at this point (78.27347200000008, 23.898406600000044)
2025-08-01 23:37:46,980 - INFO - Created 2,114 records
2025-08-01 23:37:46,987 - INFO - Created 82 records
2025-08-01 23:37:46,987 - INFO - ✅ Sequence assigned and saved with original index preserved.
2025-08-01 23:37:47,044 - INFO - 🔄 Found 7 rings: ['R1', 'R2', 'R2-C1', 'R3', 'R4', 'R4-C1', 'R5']
2025-08-01 23:37:47,044 - INFO - 
🔁 Processing ring: R1
2025-08-01 23:37:47,047 - WARNING - ⚠️  Warning: Closest node (77.95591518600008, 23.684615146000056) is far from given start (77.3209214, 24.6541872)
2025-08-01 23:37:47,047 - INFO - 
🔁 Processing ring: R2
2025-08-01 23:37:47,048 - WARNING - ⚠️  Warning: Closest node (78.13084916300005, 23.80227585600005) is far from given start (77.3209214, 24.6541872)
2025-08-01 23:37:47,048 - INFO - 
🔁 Processing ring: R2-C1
2025-08-01 23:37:47,049 - WARNING - ⚠️  Warning: Closest node (78.18141390000005, 23.87606100000005) is far from given start (77.4405969195, 24.6552332293)
2025-08-01 23:37:47,049 - INFO - 
🔁 Processing ring: R3
2025-08-01 23:37:47,051 - WARNING - ⚠️  Warning: Closest node (78.11117006200004, 23.741386454000065) is far from given start (77.3209214, 24.6541872)
2025-08-01 23:37:47,051 - INFO - 
🔁 Processing ring: R4
2025-08-01 23:37:47,052 - WARNING - ⚠️  Warning: Closest node (78.11036070000006, 23.675387200000046) is far from given start (77.3209214, 24.6541872)
2025-08-01 23:37:47,052 - INFO - 
🔁 Processing ring: R4-C1
