2025-08-06 00:42:34,075 - INFO - Created 1,945 records
2025-08-06 00:42:34,181 - WARNING -  ⚠️ The Geometry is multiline string starting at (77.47642461300312, 24.661731644999946) & ending at (77.4768526540737, 24.66117120516506)
2025-08-06 00:42:34,182 - WARNING -  ⚠️ The Geometry is multiline string starting at (77.47642461300312, 24.661731644999946) & ending at (77.4768526540737, 24.66117120516506)
2025-08-06 00:42:34,185 - WARNING - ⚠️ Warning: Disconnected segment remains in span 'BEHANTAGHAT-PAGARA'.
2025-08-06 00:42:34,185 - WARNING - ⚠️ The Span BEHANTAGHAT-PAGARA is disconnected at this point (77.47690544436144, 24.66095054407864)
2025-08-06 00:42:34,827 - WARNING -  ⚠️ The Geometry is multiline string starting at (77.44797667310958, 24.65628990069532) & ending at (77.47642461300312, 24.661731644999946)
2025-08-06 00:42:34,828 - WARNING -  ⚠️ The Geometry is multiline string starting at (77.44797667310958, 24.65628990069532) & ending at (77.47642461300312, 24.661731644999946)
2025-08-06 00:42:34,861 - WARNING - ⚠️ Warning: Disconnected segment remains in span 'GADLA GIRD-BAJRANGGARH'.
2025-08-06 00:42:34,861 - WARNING - ⚠️ The Span GADLA GIRD-BAJRANGGARH is disconnected at this point (77.32666398073165, 24.579205550381698)
2025-08-06 00:42:34,879 - WARNING - ⚠️ Warning: Disconnected segment remains in span 'GADLA GIRD-T POINT BAJRANGARH'.
2025-08-06 00:42:34,879 - WARNING - ⚠️ The Span GADLA GIRD-T POINT BAJRANGARH is disconnected at this point (77.32669334123231, 24.579186100841994)
2025-08-06 00:42:34,957 - WARNING -  ⚠️ The Geometry is multiline string starting at (77.3735380298476, 24.6086224023075) & ending at (77.37010385457936, 24.61731084306793)
2025-08-06 00:42:34,958 - WARNING -  ⚠️ The Geometry is multiline string starting at (77.3735380298476, 24.6086224023075) & ending at (77.37010385457936, 24.61731084306793)
2025-08-06 00:42:35,207 - WARNING -  ⚠️ The Geometry is multiline string starting at (77.34300677733005, 24.639242836636967) & ending at (77.37013594181045, 24.617312726629223)
2025-08-06 00:42:35,208 - WARNING -  ⚠️ The Geometry is multiline string starting at (77.37013594181045, 24.617312726629223) & ending at (77.37132437000234, 24.615902828999893)
2025-08-06 00:42:35,209 - WARNING -  ⚠️ The Geometry is multiline string starting at (77.34300677733005, 24.639242836636967) & ending at (77.37013594181045, 24.617312726629223)
2025-08-06 00:42:35,209 - WARNING -  ⚠️ The Geometry is multiline string starting at (77.37013594181045, 24.617312726629223) & ending at (77.37132437000234, 24.615902828999893)
2025-08-06 00:42:35,767 - WARNING -  ⚠️ The Geometry is multiline string starting at (77.42159840247487, 24.807022026247015) & ending at (77.42165506257307, 24.80715529637738)
2025-08-06 00:42:35,768 - WARNING -  ⚠️ The Geometry is multiline string starting at (77.42159840247487, 24.807022026247015) & ending at (77.42165506257307, 24.80715529637738)
2025-08-06 00:42:35,847 - WARNING - ⚠️ Warning: Disconnected segment remains in span 'MAHUKHAN-KUNDOL'.
2025-08-06 00:42:35,847 - WARNING - ⚠️ The Span MAHUKHAN-KUNDOL is disconnected at this point (77.4502608001231, 24.71024030032886)
2025-08-06 00:42:35,905 - WARNING - ⚠️ Warning: Disconnected segment remains in span 'MANPUR-MAHUKHAN'.
2025-08-06 00:42:35,905 - WARNING - ⚠️ The Span MANPUR-MAHUKHAN is disconnected at this point (77.46494183617938, 24.736959533559485)
2025-08-06 00:42:36,183 - WARNING -  ⚠️ The Geometry is multiline string starting at (77.37019121815362, 24.61735477625546) & ending at (77.36947552684695, 24.617991813190756)
2025-08-06 00:42:36,184 - WARNING -  ⚠️ The Geometry is multiline string starting at (77.37019121815362, 24.61735477625546) & ending at (77.36947552684695, 24.617991813190756)
