2025-08-08 01:14:55,790 - WARNING - ⚠️ Warning: Disconnected segment remains in span 'AZMABAD TO BAIJNATH'.
2025-08-08 01:14:55,790 - WARNING - ⚠️ The Span AZMABAD TO BAIJNATH is disconnected at this point (75.70841101400003, 23.51709262600008)
2025-08-08 01:14:56,049 - WARNING - ⚠️ Warning: Disconnected segment remains in span 'BARKHEDA MADAN TO PANKHEDI'.
2025-08-08 01:14:56,049 - WARNING - ⚠️ The Span BARKHEDA MADAN TO PANKHEDI is disconnected at this point (75.58314350000006, 23.43658080000006)
2025-08-08 01:14:57,967 - WARNING - ⚠️ Warning: Disconnected segment remains in span 'LOTIYAJUNARDA TO ASADI'.
2025-08-08 01:14:57,968 - WARNING - ⚠️ The Span LOTIYAJUNARDA TO ASADI is disconnected at this point (75.69811762000006, 23.67723556900006)
2025-08-08 01:14:58,819 - WARNING - ⚠️ Warning: Disconnected segment remains in span 'PANKHEDI TO SARWANA UNEHEL'.
2025-08-08 01:14:58,820 - WARNING - ⚠️ The Span PANKHEDI TO SARWANA UNEHEL is disconnected at this point (75.57910706800004, 23.41451353900004)
2025-08-08 01:14:59,758 - INFO - Created 3,744 records
2025-08-08 01:14:59,771 - INFO - Created 128 records
2025-08-08 01:14:59,771 - INFO - ✅ Sequence assigned and saved with original index preserved.
2025-08-08 01:14:59,772 - INFO - Created 4 records
2025-08-08 01:14:59,866 - INFO - 🔄 Found 12 rings: ['R1', 'R1-C1', 'R2', 'R2-C1', 'R3', 'R3-C1', 'R4', 'R4-C1', 'R5', 'R5-C1', 'R6', 'R6-C1']
2025-08-08 01:14:59,867 - INFO - 
🔁 Processing ring: R1
2025-08-08 01:14:59,871 - INFO - ✅ Completed ring R1 with 7 spans.
2025-08-08 01:14:59,871 - INFO - 
🔁 Processing ring: R1-C1
2025-08-08 01:14:59,872 - WARNING - ⚠️  Warning: Closest node (75.53416010200004, 23.58123507600004) is far from given start (75.557222348, 23.5868662240001)
2025-08-08 01:14:59,872 - INFO - 
🔁 Processing ring: R2
2025-08-08 01:14:59,877 - INFO - ✅ Completed ring R2 with 11 spans.
2025-08-08 01:14:59,877 - INFO - 
🔁 Processing ring: R2-C1
2025-08-08 01:14:59,881 - INFO - ✅ Completed ring R2-C1 with 7 spans.
2025-08-08 01:14:59,881 - INFO - 
🔁 Processing ring: R3
2025-08-08 01:14:59,890 - INFO - ✅ Completed ring R3 with 19 spans.
2025-08-08 01:14:59,890 - INFO - 
🔁 Processing ring: R3-C1
2025-08-08 01:14:59,891 - WARNING - ⚠️  Warning: Closest node (75.77035833000008, 23.596272291000048) is far from given start (75.7661533, 23.5988835)
2025-08-08 01:14:59,891 - INFO - 
🔁 Processing ring: R4
2025-08-08 01:14:59,895 - INFO - ✅ Completed ring R4 with 4 spans.
2025-08-08 01:14:59,895 - INFO - 
🔁 Processing ring: R4-C1
2025-08-08 01:14:59,899 - INFO - ✅ Completed ring R4-C1 with 5 spans.
2025-08-08 01:14:59,899 - INFO - 
🔁 Processing ring: R5
2025-08-08 01:14:59,905 - INFO - ✅ Completed ring R5 with 11 spans.
2025-08-08 01:14:59,905 - INFO - 
🔁 Processing ring: R5-C1
2025-08-08 01:14:59,906 - WARNING - ⚠️  Warning: Closest node (75.74103019000006, 23.480768259000058) is far from given start (75.73959413, 23.484297516)
2025-08-08 01:14:59,906 - INFO - 
🔁 Processing ring: R6
2025-08-08 01:14:59,912 - INFO - ✅ Completed ring R6 with 12 spans.
2025-08-08 01:14:59,912 - INFO - 
🔁 Processing ring: R6-C1
2025-08-08 01:14:59,913 - WARNING - ⚠️  Warning: Closest node (75.55984544000006, 23.431902653000066) is far from given start (75.564025717, 23.456512864)
2025-08-08 01:15:00,066 - INFO - Created 3,744 records
2025-08-08 01:15:00,075 - INFO - Created 128 records
2025-08-08 01:15:00,076 - INFO - ✅ All rings processed. Span sequence updated and saved.
